[2012-10-23 18:23:48]cmd = [upload]guid = [897420DC_29C6_842B_C5C1_21937B955693]EntryID = [9]hostname = [Solos_NB]domain_name = [WORKGROUP]upload success[9.00]
[2012-12-18 17:27:07]cmd = [upload]guid = [897420DC_29C6_842B_C5C1_21937B955693]EntryID = [10]hostname = [Solos_NB]domain_name = [WORKGROUP]upload success[9.00]
[2013-01-22 18:15:54]cmd = [upload]guid = [8f44a8ab_5c6c_6232_cd4f_642761007428]EntryID = [2]hostname = [outlook_4966489]domain_name = [WORKGROUP]upload success[9.00]
[2013-01-22 18:21:16]cmd = [upload]guid = [8f44a8ab_5c6c_6232_cd4f_642761007428]EntryID = [3]hostname = [outlook_4966489]domain_name = [WORKGROUP]upload success[9.00]
[2013-08-07 10:08:15]cmd = [upload]guid = [8f44a8ab_5c6c_6232_cd4f_642761007428]EntryID = [1]hostname = [Odie_PC]domain_name = [OPENFIND]upload success[9.00]
[2013-08-07 10:10:04]cmd = []guid = [120B0CCF_42CE_3A09_60A6_835454FBFBA7]EntryID = [2034]hostname = [Odie_PC]domain_name = [OPENFIND]One of entryid, guid, hostname, domain_name is not found in identityFound
[2013-08-07 10:45:01]cmd = [upload]guid = [8f44a8ab_5c6c_6232_cd4f_642761007428]EntryID = [3]hostname = [Odie_PC]domain_name = [OPENFIND]upload success[9.00]
[2013-08-07 10:49:52]cmd = []guid = [8f44a8ab_5c6c_6232_cd4f_642761007428]EntryID = [3]hostname = [Odie_PC]domain_name = [OPENFIND]Action file already upload[entryID=3]
[2013-08-07 10:50:07]cmd = []guid = [8f44a8ab_5c6c_6232_cd4f_642761007428]EntryID = [3]hostname = [Odie_PC]domain_name = [OPENFIND]Action file already upload[entryID=3]
[2013-08-07 11:07:27]cmd = []guid = [120B0CCF_42CE_3A09_60A6_835454FBFBA7]EntryID = [2034]hostname = [Odie_PC]domain_name = [OPENFIND]One of entryid, guid, hostname, domain_name is not found in identityFound
[2013-08-07 11:07:40]cmd = []guid = [120B0CCF_42CE_3A09_60A6_835454FBFBA7]EntryID = [2034]hostname = [Odie_PC]domain_name = [OPENFIND]One of entryid, guid, hostname, domain_name is not found in identityFound
[2013-08-07 14:30:06]cmd = [upload]guid = [8f44a8ab_5c6c_6232_cd4f_642761007428]EntryID = [4]hostname = [odie_xp_sp3]domain_name = [WORKGROUP]upload success[9.00]
[2013-08-07 14:52:12]cmd = []guid = [8f44a8ab_5c6c_6232_cd4f_642761007428]EntryID = [4]hostname = [odie_xp_sp3]domain_name = [WORKGROUP]Action file already upload[entryID=4]
[2013-08-07 14:53:34]cmd = []guid = [8f44a8ab_5c6c_6232_cd4f_642761007428]EntryID = [4]hostname = [odie_xp_sp3]domain_name = [WORKGROUP]Action file already upload[entryID=4]
[2013-08-07 14:53:39]cmd = []guid = [8f44a8ab_5c6c_6232_cd4f_642761007428]EntryID = [4]hostname = [odie_xp_sp3]domain_name = [WORKGROUP]Action file already upload[entryID=4]
[2013-08-07 15:00:23]cmd = []guid = [8f44a8ab_5c6c_6232_cd4f_642761007428]EntryID = [4]hostname = [odie_xp_sp3]domain_name = [WORKGROUP]Action file already upload[entryID=4]
[2013-08-07 15:14:15]cmd = [upload]guid = [8f44a8ab_5c6c_6232_cd4f_642761007428]EntryID = [5]hostname = [xp_test_2]domain_name = [WORKGROUP]upload success[9.00]
[2013-08-07 15:25:03]cmd = []guid = [8f44a8ab_5c6c_6232_cd4f_642761007428]EntryID = [4]hostname = [odie_xp_sp3]domain_name = [WORKGROUP]Action file already upload[entryID=4]
[2013-08-07 15:37:25]cmd = []guid = [120B0CCF_42CE_3A09_60A6_835454FBFBA7]EntryID = [2034]hostname = [Odie_PC]domain_name = [OPENFIND]One of entryid, guid, hostname, domain_name is not found in identityFound
[2013-08-07 15:43:02]cmd = [upload]guid = [8f44a8ab_5c6c_6232_cd4f_642761007428]EntryID = [6]hostname = [venser_PC]domain_name = [OPENFIND]upload success[9.00]
[2013-08-07 15:43:16]cmd = []guid = [8f44a8ab_5c6c_6232_cd4f_642761007428]EntryID = [6]hostname = [venser_PC]domain_name = [OPENFIND]One of entryid, guid, hostname, domain_name is not found in identityFound
[2013-08-07 15:43:28]cmd = []guid = [8f44a8ab_5c6c_6232_cd4f_642761007428]EntryID = [4]hostname = [odie_xp_sp3]domain_name = [WORKGROUP]Action file already upload[entryID=4]
[2013-08-07 15:46:05]cmd = []guid = [8f44a8ab_5c6c_6232_cd4f_642761007428]EntryID = [4]hostname = [odie_xp_sp3]domain_name = [WORKGROUP]Action file already upload[entryID=4]
[2013-08-07 15:46:15]cmd = []guid = [8f44a8ab_5c6c_6232_cd4f_642761007428]EntryID = [4]hostname = [odie_xp_sp3]domain_name = [WORKGROUP]Action file already upload[entryID=4]
[2013-08-07 15:51:11]cmd = []guid = [8f44a8ab_5c6c_6232_cd4f_642761007428]EntryID = [4]hostname = [odie_xp_sp3]domain_name = [WORKGROUP]Action file already upload[entryID=4]
[2013-08-07 15:51:45]cmd = []guid = [8f44a8ab_5c6c_6232_cd4f_642761007428]EntryID = [4]hostname = [odie_xp_sp3]domain_name = [WORKGROUP]Action file already upload[entryID=4]
[2013-08-07 16:00:06]cmd = []guid = [8f44a8ab_5c6c_6232_cd4f_642761007428]EntryID = [4]hostname = [odie_xp_sp3]domain_name = [WORKGROUP]Action file already upload[entryID=4]
[2013-08-09 14:11:31]cmd = []guid = [120B0CCF_42CE_3A09_60A6_835454FBFBA7]EntryID = [2034]hostname = [Odie_PC]domain_name = [OPENFIND]One of entryid, guid, hostname, domain_name is not found in identityFound
[2013-08-09 14:50:59]cmd = [upload]guid = [8f44a8ab_5c6c_6232_cd4f_642761007428]EntryID = [7]hostname = [odie_xp_sp3]domain_name = [WORKGROUP]upload success[9.00]
[2013-08-09 14:59:53]cmd = [upload]guid = [8f44a8ab_5c6c_6232_cd4f_642761007428]EntryID = [9]hostname = [odie_xp_sp3]domain_name = [WORKGROUP]upload success[9.00]
[2013-08-09 15:11:46]cmd = [upload]guid = [8f44a8ab_5c6c_6232_cd4f_642761007428]EntryID = [11]hostname = [odie_xp_sp3]domain_name = [WORKGROUP]upload success[9.00]
[2013-08-09 16:08:30]cmd = [upload]guid = [8f44a8ab_5c6c_6232_cd4f_642761007428]EntryID = [13]hostname = [odie_xp_sp3]domain_name = [WORKGROUP]upload success[9.00]
[2013-08-09 16:29:13]cmd = []guid = [8f44a8ab_5c6c_6232_cd4f_642761007428]EntryID = [13]hostname = [odie_xp_sp3]domain_name = [WORKGROUP]One of entryid, guid, hostname, domain_name is not found in identityFound
[2013-08-09 16:29:42]cmd = []guid = [8f44a8ab_5c6c_6232_cd4f_642761007428]EntryID = [13]hostname = [odie_xp_sp3]domain_name = [WORKGROUP]Action file already upload[entryID=13,XMLID=8]
[2013-08-09 16:40:50]cmd = []guid = [8f44a8ab_5c6c_6232_cd4f_642761007428]EntryID = [13]hostname = [odie_xp_sp3]domain_name = [WORKGROUP]One of entryid, guid, hostname, domain_name is not found in identityFound
[2013-08-12 16:47:54]cmd = [upload]guid = [8f44a8ab_5c6c_6232_cd4f_642761007428]EntryID = [15]hostname = [odie_xp_sp3]domain_name = [WORKGROUP]upload success[9.00]
[2013-08-12 16:59:45]cmd = [upload]guid = [8f44a8ab_5c6c_6232_cd4f_642761007428]EntryID = [16]hostname = [odie_xp_sp3]domain_name = [WORKGROUP]upload success[9.00]
[2013-08-12 18:03:04]cmd = [upload]guid = [8f44a8ab_5c6c_6232_cd4f_642761007428]EntryID = [17]hostname = [odie_xp_sp3]domain_name = [WORKGROUP]upload success[9.00]
[2013-08-12 18:06:57]cmd = [upload]guid = [8f44a8ab_5c6c_6232_cd4f_642761007428]EntryID = [18]hostname = [odie_xp_sp3]domain_name = [WORKGROUP]upload success[9.00]
[2013-08-12 19:02:59]cmd = [upload]guid = [8f44a8ab_5c6c_6232_cd4f_642761007428]EntryID = [19]hostname = [odie_xp_sp3]domain_name = [WORKGROUP]upload success[9.00]
[2013-08-13 11:43:30]cmd = [upload]guid = [8f44a8ab_5c6c_6232_cd4f_642761007428]EntryID = [20]hostname = [odie_xp_sp3]domain_name = [WORKGROUP]upload success[9.00]
[2013-08-13 11:49:18]cmd = [upload]guid = [8f44a8ab_5c6c_6232_cd4f_642761007428]EntryID = [21]hostname = [odie_xp_sp3]domain_name = [WORKGROUP]upload success[9.00]
[2013-08-13 14:03:51]cmd = [upload]guid = [8f44a8ab_5c6c_6232_cd4f_642761007428]EntryID = [22]hostname = [odie_xp_sp3]domain_name = [WORKGROUP]upload success[9.00]
[2013-08-13 14:40:58]cmd = [upload]guid = [8f44a8ab_5c6c_6232_cd4f_642761007428]EntryID = [23]hostname = [odie_xp_sp3]domain_name = [WORKGROUP]upload success[9.00]
[2013-08-13 14:55:49]cmd = [upload]guid = [8f44a8ab_5c6c_6232_cd4f_642761007428]EntryID = [24]hostname = [odie_xp_sp3]domain_name = [WORKGROUP]upload success[9.00]
[2013-08-13 17:52:22]cmd = [upload]guid = [8f44a8ab_5c6c_6232_cd4f_642761007428]EntryID = [25]hostname = [odie_xp_sp3]domain_name = [WORKGROUP]upload success[9.00]
[2013-08-13 18:14:20]cmd = []guid = [8f44a8ab_5c6c_6232_cd4f_642761007428]EntryID = [25]hostname = [odie_xp_sp3]domain_name = [WORKGROUP]Action file already upload[entryID=25,XMLID=20]
[2013-08-14 10:06:00]cmd = [upload]guid = [8f44a8ab_5c6c_6232_cd4f_642761007428]EntryID = [26]hostname = [odie_xp_sp3]domain_name = [WORKGROUP]upload success[9.00]
[2013-08-14 10:32:32]cmd = [upload]guid = [8f44a8ab_5c6c_6232_cd4f_642761007428]EntryID = [28]hostname = [Odie_PC]domain_name = [OPENFIND]upload success[9.00]
[2013-08-14 11:38:28]cmd = []guid = [120B0CCF_42CE_3A09_60A6_835454FBFBA7]EntryID = [2034]hostname = [Odie_PC]domain_name = [OPENFIND]One of entryid, guid, hostname, domain_name is not found in identityFound
[2013-08-16 18:14:18]cmd = [upload]guid = [8f44a8ab_5c6c_6232_cd4f_642761007428]EntryID = [27]hostname = [odie_xp_sp3]domain_name = [WORKGROUP]upload success[9.00]
[2013-08-16 18:24:22]cmd = [upload]guid = [8f44a8ab_5c6c_6232_cd4f_642761007428]EntryID = [30]hostname = [odie_xp_sp3]domain_name = [WORKGROUP]upload success[9.00]
[2013-08-20 15:21:25]cmd = [upload]guid = [8f44a8ab_5c6c_6232_cd4f_642761007428]EntryID = [31]hostname = [Odie_PC]domain_name = [OPENFIND]upload success[9.00]
[2013-08-20 15:33:26]cmd = [upload]guid = [8f44a8ab_5c6c_6232_cd4f_642761007428]EntryID = [32]hostname = [Odie_PC]domain_name = [OPENFIND]upload success[9.00]
[2013-08-20 17:05:23]cmd = [upload]guid = [8f44a8ab_5c6c_6232_cd4f_642761007428]EntryID = [29]hostname = [PHANTOM_PC]domain_name = [OPENFIND]upload success[9.00]
[2013-08-20 17:21:38]cmd = [upload]guid = [8f44a8ab_5c6c_6232_cd4f_642761007428]EntryID = [33]hostname = [Odie_PC]domain_name = [OPENFIND]upload success[9.00]
[2013-08-22 09:37:39]cmd = [upload]guid = [8f44a8ab_5c6c_6232_cd4f_642761007428]EntryID = [35]hostname = [Odie_PC]domain_name = [OPENFIND]upload success[9.00]
[2013-08-22 09:42:56]cmd = [upload]guid = [8f44a8ab_5c6c_6232_cd4f_642761007428]EntryID = [36]hostname = [Odie_PC]domain_name = [OPENFIND]upload success[9.00]
[2013-08-22 09:46:13]cmd = [upload]guid = [8f44a8ab_5c6c_6232_cd4f_642761007428]EntryID = [37]hostname = [Odie_PC]domain_name = [OPENFIND]upload success[9.00]
[2013-08-22 09:55:23]cmd = [upload]guid = [8f44a8ab_5c6c_6232_cd4f_642761007428]EntryID = [38]hostname = [Odie_PC]domain_name = [OPENFIND]upload success[9.00]
[2013-08-22 10:39:57]cmd = [upload]guid = [8f44a8ab_5c6c_6232_cd4f_642761007428]EntryID = [39]hostname = [Odie_PC]domain_name = [OPENFIND]upload success[9.00]
[2013-08-22 11:00:09]cmd = [upload]guid = [8f44a8ab_5c6c_6232_cd4f_642761007428]EntryID = [40]hostname = [Odie_PC]domain_name = [OPENFIND]upload success[9.00]
[2013-08-22 11:11:57]cmd = [upload]guid = [8f44a8ab_5c6c_6232_cd4f_642761007428]EntryID = [41]hostname = [Odie_PC]domain_name = [OPENFIND]upload success[9.00]
[2013-08-22 11:35:06]cmd = [upload]guid = [8f44a8ab_5c6c_6232_cd4f_642761007428]EntryID = [42]hostname = [Odie_PC]domain_name = [OPENFIND]upload success[9.00]
[2013-08-22 14:03:21]cmd = [upload]guid = [8f44a8ab_5c6c_6232_cd4f_642761007428]EntryID = [43]hostname = [Odie_PC]domain_name = [OPENFIND]upload success[9.00]
[2013-08-22 14:37:36]cmd = [upload]guid = [8f44a8ab_5c6c_6232_cd4f_642761007428]EntryID = [44]hostname = [Odie_PC]domain_name = [OPENFIND]upload success[9.00]
[2013-08-22 14:39:14]cmd = [upload]guid = [8f44a8ab_5c6c_6232_cd4f_642761007428]EntryID = [45]hostname = [Odie_PC]domain_name = [OPENFIND]upload success[9.00]
[2013-08-22 14:42:22]cmd = [upload]guid = [8f44a8ab_5c6c_6232_cd4f_642761007428]EntryID = [46]hostname = [Odie_PC]domain_name = [OPENFIND]upload success[9.00]
[2013-08-22 14:46:55]cmd = [upload]guid = [8f44a8ab_5c6c_6232_cd4f_642761007428]EntryID = [47]hostname = [Odie_PC]domain_name = [OPENFIND]upload success[9.00]
[2013-08-22 14:49:03]cmd = [upload]guid = [8f44a8ab_5c6c_6232_cd4f_642761007428]EntryID = [48]hostname = [Odie_PC]domain_name = [OPENFIND]upload success[9.00]
[2013-08-22 14:51:28]cmd = [upload]guid = [8f44a8ab_5c6c_6232_cd4f_642761007428]EntryID = [49]hostname = [Odie_PC]domain_name = [OPENFIND]upload success[9.00]
[2013-08-22 15:17:59]cmd = [upload]guid = [8f44a8ab_5c6c_6232_cd4f_642761007428]EntryID = [50]hostname = [Odie_PC]domain_name = [OPENFIND]upload success[9.00]
[2013-08-22 15:33:08]cmd = [upload]guid = [8f44a8ab_5c6c_6232_cd4f_642761007428]EntryID = [51]hostname = [Odie_PC]domain_name = [OPENFIND]upload success[9.00]
[2013-08-22 15:34:37]cmd = [upload]guid = [8f44a8ab_5c6c_6232_cd4f_642761007428]EntryID = [52]hostname = [Odie_PC]domain_name = [OPENFIND]upload success[9.00]
[2013-08-22 15:48:09]cmd = [upload]guid = [8f44a8ab_5c6c_6232_cd4f_642761007428]EntryID = [53]hostname = [Odie_PC]domain_name = [OPENFIND]upload success[9.00]
[2013-08-22 15:50:57]cmd = [upload]guid = [8f44a8ab_5c6c_6232_cd4f_642761007428]EntryID = [54]hostname = [Odie_PC]domain_name = [OPENFIND]upload success[9.00]
[2013-08-22 15:53:17]cmd = [upload]guid = [8f44a8ab_5c6c_6232_cd4f_642761007428]EntryID = [55]hostname = [Odie_PC]domain_name = [OPENFIND]upload success[9.00]
[2013-08-22 15:55:54]cmd = [upload]guid = [8f44a8ab_5c6c_6232_cd4f_642761007428]EntryID = [56]hostname = [Odie_PC]domain_name = [OPENFIND]upload success[9.00]
[2013-08-22 15:58:00]cmd = [upload]guid = [8f44a8ab_5c6c_6232_cd4f_642761007428]EntryID = [57]hostname = [Odie_PC]domain_name = [OPENFIND]upload success[9.00]
[2013-08-22 16:29:32]cmd = [upload]guid = [8f44a8ab_5c6c_6232_cd4f_642761007428]EntryID = [58]hostname = [Odie_PC]domain_name = [OPENFIND]upload success[9.00]
[2013-08-23 11:26:13]cmd = [upload]guid = [8f44a8ab_5c6c_6232_cd4f_642761007428]EntryID = [34]hostname = [PHANTOM_PC]domain_name = [OPENFIND]upload success[9.00]
[2013-08-23 11:57:38]cmd = [upload]guid = [8f44a8ab_5c6c_6232_cd4f_642761007428]EntryID = [59]hostname = [Odie_PC]domain_name = [OPENFIND]upload success[9.00]
[2013-08-23 12:00:01]cmd = [upload]guid = [8f44a8ab_5c6c_6232_cd4f_642761007428]EntryID = [60]hostname = [Odie_PC]domain_name = [OPENFIND]upload success[9.00]
[2013-08-23 12:01:02]cmd = []guid = [8f44a8ab_5c6c_6232_cd4f_642761007428]EntryID = [60]hostname = [Odie_PC]domain_name = [OPENFIND]Action file already upload[entryID=60,XMLID=55]
[2013-08-23 13:39:48]cmd = [upload]guid = [8f44a8ab_5c6c_6232_cd4f_642761007428]EntryID = [61]hostname = [kate]domain_name = [OPENFIND]upload success[9.00]
[2013-08-23 14:20:03]cmd = []guid = [8f44a8ab_5c6c_6232_cd4f_642761007428]EntryID = [61]hostname = [kate]domain_name = [OPENFIND]Action file already upload[entryID=61,XMLID=56]
[2013-08-23 15:17:00]cmd = [upload]guid = [8f44a8ab_5c6c_6232_cd4f_642761007428]EntryID = [62]hostname = [kate]domain_name = [OPENFIND]upload success[9.00]
[2013-08-23 15:27:45]cmd = [upload]guid = [8f44a8ab_5c6c_6232_cd4f_642761007428]EntryID = [63]hostname = [kate]domain_name = [OPENFIND]upload success[9.00]
[2013-08-23 15:30:22]cmd = []guid = [8f44a8ab_5c6c_6232_cd4f_642761007428]EntryID = [63]hostname = [kate]domain_name = [OPENFIND]Action file already upload[entryID=63,XMLID=58]
[2013-09-02 13:35:29]cmd = [upload]guid = [8f44a8ab_5c6c_6232_cd4f_642761007428]EntryID = [64]hostname = [Odie_PC]domain_name = [OPENFIND]upload success[9.00]
[2013-09-02 14:15:38]cmd = [upload]guid = [8f44a8ab_5c6c_6232_cd4f_642761007428]EntryID = [65]hostname = [Odie_PC]domain_name = [OPENFIND]upload success[9.00]
[2013-09-02 14:43:15]cmd = [upload]guid = [8f44a8ab_5c6c_6232_cd4f_642761007428]EntryID = [67]hostname = [Odie_PC]domain_name = [OPENFIND]upload success[9.00]
[2013-09-02 15:22:47]cmd = [upload]guid = [8f44a8ab_5c6c_6232_cd4f_642761007428]EntryID = [69]hostname = [Odie_PC]domain_name = [OPENFIND]upload success[9.00]
[2013-09-02 15:26:17]cmd = [upload]guid = [8f44a8ab_5c6c_6232_cd4f_642761007428]EntryID = [70]hostname = [Odie_PC]domain_name = [OPENFIND]upload success[9.00]
[2013-09-02 15:31:42]cmd = [upload]guid = [8f44a8ab_5c6c_6232_cd4f_642761007428]EntryID = [71]hostname = [Odie_PC]domain_name = [OPENFIND]upload success[9.00]
[2013-09-02 15:34:20]cmd = [upload]guid = [8f44a8ab_5c6c_6232_cd4f_642761007428]EntryID = [72]hostname = [Odie_PC]domain_name = [OPENFIND]upload success[9.00]
[2013-09-02 16:30:39]cmd = [upload]guid = [8f44a8ab_5c6c_6232_cd4f_642761007428]EntryID = [73]hostname = [Odie_PC]domain_name = [OPENFIND]upload success[9.00]
[2013-09-02 16:57:48]cmd = [upload]guid = [8f44a8ab_5c6c_6232_cd4f_642761007428]EntryID = [74]hostname = [Odie_PC]domain_name = [OPENFIND]upload success[9.00]
[2013-09-03 09:44:00]cmd = [upload]guid = [8f44a8ab_5c6c_6232_cd4f_642761007428]EntryID = [75]hostname = [rick_lin]domain_name = [OPENFIND]upload success[9.00]
[2013-09-03 09:47:09]cmd = [upload]guid = [8f44a8ab_5c6c_6232_cd4f_642761007428]EntryID = [76]hostname = [rick_lin]domain_name = [OPENFIND]upload success[9.00]
[2013-09-03 09:56:58]cmd = [upload]guid = [8f44a8ab_5c6c_6232_cd4f_642761007428]EntryID = [77]hostname = [rick_lin]domain_name = [OPENFIND]upload success[9.00]
[2013-09-03 09:57:37]cmd = []guid = [8f44a8ab_5c6c_6232_cd4f_642761007428]EntryID = [77]hostname = [rick_lin]domain_name = [OPENFIND]Action file already upload[entryID=77,XMLID=70]
[2013-09-03 09:58:15]cmd = []guid = [8f44a8ab_5c6c_6232_cd4f_642761007428]EntryID = [77]hostname = [rick_lin]domain_name = [OPENFIND]Action file already upload[entryID=77,XMLID=70]
[2013-09-03 09:58:43]cmd = []guid = [8f44a8ab_5c6c_6232_cd4f_642761007428]EntryID = [77]hostname = [rick_lin]domain_name = [OPENFIND]Action file already upload[entryID=77,XMLID=70]
[2013-09-03 16:24:46]cmd = [upload]guid = [8f44a8ab_5c6c_6232_cd4f_642761007428]EntryID = [78]hostname = [PHANTOM_PC]domain_name = [OPENFIND]upload success[9.00]
[2013-09-03 16:45:20]cmd = [upload]guid = [8f44a8ab_5c6c_6232_cd4f_642761007428]EntryID = [79]hostname = [PHANTOM_PC]domain_name = [OPENFIND]upload success[9.00]
[2013-09-03 17:23:13]cmd = [upload]guid = [8f44a8ab_5c6c_6232_cd4f_642761007428]EntryID = [80]hostname = [Odie_PC]domain_name = [OPENFIND]upload success[9.00]
[2013-09-04 09:06:36]cmd = [upload]guid = [8f44a8ab_5c6c_6232_cd4f_642761007428]EntryID = [81]hostname = [Odie_PC]domain_name = [OPENFIND]upload success[9.00]
[2013-09-04 14:52:04]cmd = []guid = [8f44a8ab_5c6c_6232_cd4f_642761007428]EntryID = [81]hostname = [Odie_PC]domain_name = [OPENFIND]Action file already upload[entryID=81,XMLID=74]
[2013-09-05 12:35:34]cmd = [upload]guid = [8f44a8ab_5c6c_6232_cd4f_642761007428]EntryID = [82]hostname = [PHANTOM_PC]domain_name = [OPENFIND]upload success[9.00]
[2013-09-05 16:47:37]cmd = [upload]guid = [8f44a8ab_5c6c_6232_cd4f_642761007428]EntryID = [84]hostname = [Odie_PC]domain_name = [OPENFIND]upload success[9.00]
[2013-09-05 16:49:29]cmd = [upload]guid = [8f44a8ab_5c6c_6232_cd4f_642761007428]EntryID = [85]hostname = [Odie_PC]domain_name = [OPENFIND]upload success[9.00]
[2013-09-05 17:06:44]cmd = [upload]guid = [8f44a8ab_5c6c_6232_cd4f_642761007428]EntryID = [86]hostname = [Odie_PC]domain_name = [OPENFIND]upload success[9.00]
[2013-09-05 17:12:27]cmd = [upload]guid = [8f44a8ab_5c6c_6232_cd4f_642761007428]EntryID = [87]hostname = [Odie_PC]domain_name = [OPENFIND]upload success[9.00]
[2013-09-06 10:05:00]cmd = [upload]guid = [8f44a8ab_5c6c_6232_cd4f_642761007428]EntryID = [88]hostname = [Odie_PC]domain_name = [OPENFIND]upload success[9.00]
[2013-09-06 10:54:12]cmd = [upload]guid = [8f44a8ab_5c6c_6232_cd4f_642761007428]EntryID = [83]hostname = [PHANTOM_PC]domain_name = [OPENFIND]upload success[9.00]
[2013-09-09 09:41:23]cmd = [upload]guid = [8f44a8ab_5c6c_6232_cd4f_642761007428]EntryID = [89]hostname = [Odie_PC]domain_name = [OPENFIND]upload success[9.00]
[2013-09-09 10:14:05]cmd = [upload]guid = [8f44a8ab_5c6c_6232_cd4f_642761007428]EntryID = [90]hostname = [Odie_PC]domain_name = [OPENFIND]upload success[9.00]
[2013-09-09 10:18:56]cmd = [upload]guid = [8f44a8ab_5c6c_6232_cd4f_642761007428]EntryID = [91]hostname = [Odie_PC]domain_name = [OPENFIND]upload success[9.00]
[2013-09-09 10:27:30]cmd = [upload]guid = [8f44a8ab_5c6c_6232_cd4f_642761007428]EntryID = [92]hostname = [Odie_PC]domain_name = [OPENFIND]upload success[9.00]
[2013-09-09 10:45:34]cmd = [upload]guid = [8f44a8ab_5c6c_6232_cd4f_642761007428]EntryID = [93]hostname = [Odie_PC]domain_name = [OPENFIND]upload success[9.00]
[2013-09-09 11:11:24]cmd = [upload]guid = [8f44a8ab_5c6c_6232_cd4f_642761007428]EntryID = [94]hostname = [Odie_PC]domain_name = [OPENFIND]upload success[9.00]
[2013-09-09 11:14:12]cmd = [upload]guid = [8f44a8ab_5c6c_6232_cd4f_642761007428]EntryID = [95]hostname = [Odie_PC]domain_name = [OPENFIND]upload success[9.00]
[2013-09-09 11:19:22]cmd = [upload]guid = [8f44a8ab_5c6c_6232_cd4f_642761007428]EntryID = [96]hostname = [Odie_PC]domain_name = [OPENFIND]upload success[9.00]
[2013-09-09 11:25:33]cmd = [upload]guid = [8f44a8ab_5c6c_6232_cd4f_642761007428]EntryID = [97]hostname = [Odie_PC]domain_name = [OPENFIND]upload success[9.00]
[2013-09-09 11:42:51]cmd = [upload]guid = [8f44a8ab_5c6c_6232_cd4f_642761007428]EntryID = [98]hostname = [Odie_PC]domain_name = [OPENFIND]upload success[9.00]
[2013-09-09 11:50:02]cmd = [upload]guid = [8f44a8ab_5c6c_6232_cd4f_642761007428]EntryID = [99]hostname = [Odie_PC]domain_name = [OPENFIND]upload success[9.00]
[2013-09-09 13:28:30]cmd = [upload]guid = [8f44a8ab_5c6c_6232_cd4f_642761007428]EntryID = [101]hostname = [PHANTOM_PC]domain_name = [OPENFIND]upload success[9.00]
[2013-09-09 13:30:23]cmd = [upload]guid = [8f44a8ab_5c6c_6232_cd4f_642761007428]EntryID = [102]hostname = [PHANTOM_PC]domain_name = [OPENFIND]upload success[9.00]
[2013-09-09 13:32:07]cmd = [upload]guid = [8f44a8ab_5c6c_6232_cd4f_642761007428]EntryID = [103]hostname = [PHANTOM_PC]domain_name = [OPENFIND]upload success[9.00]
[2013-09-09 13:46:32]cmd = [upload]guid = [8f44a8ab_5c6c_6232_cd4f_642761007428]EntryID = [104]hostname = [PHANTOM_PC]domain_name = [OPENFIND]upload success[9.00]
[2013-09-09 13:48:06]cmd = [upload]guid = [8f44a8ab_5c6c_6232_cd4f_642761007428]EntryID = [105]hostname = [PHANTOM_PC]domain_name = [OPENFIND]upload success[9.00]
[2013-09-09 13:51:47]cmd = [upload]guid = [8f44a8ab_5c6c_6232_cd4f_642761007428]EntryID = [106]hostname = [PHANTOM_PC]domain_name = [OPENFIND]upload success[9.00]
[2013-09-09 14:00:59]cmd = [upload]guid = [8f44a8ab_5c6c_6232_cd4f_642761007428]EntryID = [100]hostname = [Odie_PC]domain_name = [OPENFIND]upload success[9.00]
[2013-09-09 14:05:57]cmd = [upload]guid = [8f44a8ab_5c6c_6232_cd4f_642761007428]EntryID = [107]hostname = [PHANTOM_PC]domain_name = [OPENFIND]upload success[9.00]
[2013-09-09 15:40:22]cmd = [upload]guid = [8f44a8ab_5c6c_6232_cd4f_642761007428]EntryID = [109]hostname = [Odie_PC]domain_name = [OPENFIND]upload success[9.00]
[2013-09-09 15:56:22]cmd = [upload]guid = [8f44a8ab_5c6c_6232_cd4f_642761007428]EntryID = [111]hostname = [PHANTOM_PC]domain_name = [OPENFIND]upload success[9.00]
[2013-09-09 16:09:27]cmd = [upload]guid = [8f44a8ab_5c6c_6232_cd4f_642761007428]EntryID = [112]hostname = [PHANTOM_PC]domain_name = [OPENFIND]upload success[9.00]
[2013-09-09 16:18:11]cmd = [upload]guid = [8f44a8ab_5c6c_6232_cd4f_642761007428]EntryID = [113]hostname = [PHANTOM_PC]domain_name = [OPENFIND]upload success[9.00]
[2013-09-09 16:38:49]cmd = [upload]guid = [8f44a8ab_5c6c_6232_cd4f_642761007428]EntryID = [114]hostname = [PHANTOM_PC]domain_name = [OPENFIND]upload success[9.00]
[2013-09-09 16:43:11]cmd = [upload]guid = [8f44a8ab_5c6c_6232_cd4f_642761007428]EntryID = [115]hostname = [PHANTOM_PC]domain_name = [OPENFIND]upload success[9.00]
[2013-09-09 16:45:23]cmd = [upload]guid = [8f44a8ab_5c6c_6232_cd4f_642761007428]EntryID = [116]hostname = [PHANTOM_PC]domain_name = [OPENFIND]upload success[9.00]
[2013-09-09 17:56:14]cmd = [upload]guid = [8f44a8ab_5c6c_6232_cd4f_642761007428]EntryID = [117]hostname = [nina_fang]domain_name = [OPENFIND]upload success[9.00]
[2013-09-09 17:57:55]cmd = [upload]guid = [8f44a8ab_5c6c_6232_cd4f_642761007428]EntryID = [118]hostname = [nina_fang]domain_name = [OPENFIND]upload success[9.00]
[2013-09-09 18:18:13]cmd = [upload]guid = [8f44a8ab_5c6c_6232_cd4f_642761007428]EntryID = [119]hostname = [rick_lin]domain_name = [OPENFIND]upload success[9.00]
[2013-09-09 18:26:48]cmd = []guid = [8f44a8ab_5c6c_6232_cd4f_642761007428]EntryID = [119]hostname = [rick_lin]domain_name = [OPENFIND]Action file already upload[entryID=119,XMLID=110]
[2013-09-09 18:27:18]cmd = []guid = [DFBD47A3_6D84_34EB_97DE_81CEA0053354]EntryID = [2203]hostname = [rick_lin]domain_name = [OPENFIND]One of entryid, guid, hostname, domain_name is not found in identityFound
[2013-09-09 18:30:29]cmd = []guid = [DFBD47A3_6D84_34EB_97DE_81CEA0053354]EntryID = [2203]hostname = [rick_lin]domain_name = [OPENFIND]One of entryid, guid, hostname, domain_name is not found in identityFound
[2013-09-09 18:32:03]cmd = []guid = [DFBD47A3_6D84_34EB_97DE_81CEA0053354]EntryID = [2203]hostname = [rick_lin]domain_name = [OPENFIND]One of entryid, guid, hostname, domain_name is not found in identityFound
[2013-09-09 18:37:52]cmd = []guid = [DFBD47A3_6D84_34EB_97DE_81CEA0053354]EntryID = [2203]hostname = [rick_lin]domain_name = [OPENFIND]One of entryid, guid, hostname, domain_name is not found in identityFound
[2013-09-10 09:33:40]cmd = [upload]guid = [8f44a8ab_5c6c_6232_cd4f_642761007428]EntryID = [120]hostname = [odie_xp_sp3]domain_name = [WORKGROUP]upload success[9.00]
[2013-09-10 10:03:22]cmd = [upload]guid = [8f44a8ab_5c6c_6232_cd4f_642761007428]EntryID = [110]hostname = [Odie_PC]domain_name = [OPENFIND]upload success[9.00]
[2013-09-10 10:12:46]cmd = [upload]guid = [8f44a8ab_5c6c_6232_cd4f_642761007428]EntryID = [121]hostname = [PHANTOM_PC]domain_name = [OPENFIND]upload success[9.00]
[2013-09-10 10:33:05]cmd = [upload]guid = [8f44a8ab_5c6c_6232_cd4f_642761007428]EntryID = [123]hostname = [PHANTOM_PC]domain_name = [OPENFIND]upload success[9.00]
[2013-09-10 10:37:42]cmd = [upload]guid = [8f44a8ab_5c6c_6232_cd4f_642761007428]EntryID = [124]hostname = [PHANTOM_PC]domain_name = [OPENFIND]upload success[9.00]
[2013-09-10 10:48:53]cmd = [upload]guid = [8f44a8ab_5c6c_6232_cd4f_642761007428]EntryID = [125]hostname = [PHANTOM_PC]domain_name = [OPENFIND]upload success[9.00]
[2013-09-10 11:28:10]cmd = [upload]guid = [8f44a8ab_5c6c_6232_cd4f_642761007428]EntryID = [127]hostname = [odie_xp_sp3]domain_name = [WORKGROUP]upload success[9.00]
[2013-09-10 11:35:04]cmd = [upload]guid = [8f44a8ab_5c6c_6232_cd4f_642761007428]EntryID = [128]hostname = [odie_xp_sp3]domain_name = [WORKGROUP]upload success[9.00]
[2013-09-10 11:35:31]cmd = [upload]guid = [8f44a8ab_5c6c_6232_cd4f_642761007428]EntryID = [129]hostname = [PHANTOM_PC]domain_name = [OPENFIND]upload success[9.00]
[2013-09-10 11:39:41]cmd = [upload]guid = [8f44a8ab_5c6c_6232_cd4f_642761007428]EntryID = [130]hostname = [PHANTOM_PC]domain_name = [OPENFIND]upload success[9.00]
[2013-09-10 11:57:08]cmd = [upload]guid = [8f44a8ab_5c6c_6232_cd4f_642761007428]EntryID = [131]hostname = [PHANTOM_PC]domain_name = [OPENFIND]upload success[9.00]
[2013-09-10 11:59:57]cmd = [upload]guid = [8f44a8ab_5c6c_6232_cd4f_642761007428]EntryID = [132]hostname = [PHANTOM_PC]domain_name = [OPENFIND]upload success[9.00]
[2013-09-10 14:05:37]cmd = [upload]guid = [8f44a8ab_5c6c_6232_cd4f_642761007428]EntryID = [133]hostname = [odie_xp_sp3]domain_name = [WORKGROUP]upload success[9.00]
[2013-09-10 14:45:51]cmd = [upload]guid = [8f44a8ab_5c6c_6232_cd4f_642761007428]EntryID = [134]hostname = [odie_xp_sp3]domain_name = [WORKGROUP]upload success[9.00]
[2013-09-10 16:34:08]cmd = [upload]guid = [8f44a8ab_5c6c_6232_cd4f_642761007428]EntryID = [108]hostname = [mario_wang]domain_name = [OPENFIND]upload success[9.00]
[2013-09-10 17:10:29]cmd = [upload]guid = [8f44a8ab_5c6c_6232_cd4f_642761007428]EntryID = [135]hostname = [odie_xp_sp3]domain_name = [WORKGROUP]upload success[9.00]
[2013-09-10 17:18:30]cmd = [upload]guid = [8f44a8ab_5c6c_6232_cd4f_642761007428]EntryID = [136]hostname = [odie_xp_sp3]domain_name = [WORKGROUP]upload success[9.00]
[2013-09-10 18:09:49]cmd = [upload]guid = [8f44a8ab_5c6c_6232_cd4f_642761007428]EntryID = [122]hostname = [Odie_PC]domain_name = [OPENFIND]upload success[9.00]
[2013-09-11 10:16:01]cmd = [upload]guid = [8f44a8ab_5c6c_6232_cd4f_642761007428]EntryID = [137]hostname = [PHANTOM_PC]domain_name = [OPENFIND]upload success[9.00]
[2013-09-11 10:55:35]cmd = [upload]guid = [8f44a8ab_5c6c_6232_cd4f_642761007428]EntryID = [138]hostname = [PHANTOM_PC]domain_name = [OPENFIND]upload success[9.00]
[2013-09-11 11:52:23]cmd = [upload]guid = [8f44a8ab_5c6c_6232_cd4f_642761007428]EntryID = [139]hostname = [PHANTOM_PC]domain_name = [OPENFIND]upload success[9.00]
[2013-09-11 14:35:56]cmd = [upload]guid = [8f44a8ab_5c6c_6232_cd4f_642761007428]EntryID = [140]hostname = [mario_wang]domain_name = [OPENFIND]upload success[9.00]
[2013-09-11 14:46:22]cmd = [upload]guid = [8f44a8ab_5c6c_6232_cd4f_642761007428]EntryID = [141]hostname = [mario_wang]domain_name = [OPENFIND]upload success[9.00]
[2013-09-11 16:31:10]cmd = [upload]guid = [8f44a8ab_5c6c_6232_cd4f_642761007428]EntryID = [142]hostname = [PHANTOM_PC]domain_name = [OPENFIND]upload success[9.00]
[2013-09-11 16:32:53]cmd = [upload]guid = [8f44a8ab_5c6c_6232_cd4f_642761007428]EntryID = [143]hostname = [PHANTOM_PC]domain_name = [OPENFIND]upload success[9.00]
[2013-09-11 16:35:34]cmd = [upload]guid = [8f44a8ab_5c6c_6232_cd4f_642761007428]EntryID = [144]hostname = [PHANTOM_PC]domain_name = [OPENFIND]upload success[9.00]
[2013-09-11 16:39:03]cmd = [upload]guid = [8f44a8ab_5c6c_6232_cd4f_642761007428]EntryID = [145]hostname = [PHANTOM_PC]domain_name = [OPENFIND]upload success[9.00]
[2013-09-11 16:43:01]cmd = [upload]guid = [8f44a8ab_5c6c_6232_cd4f_642761007428]EntryID = [146]hostname = [PHANTOM_PC]domain_name = [OPENFIND]upload success[9.00]
[2013-09-11 18:04:55]cmd = [upload]guid = [8f44a8ab_5c6c_6232_cd4f_642761007428]EntryID = [147]hostname = [Odie_PC]domain_name = [OPENFIND]upload success[9.00]
[2013-09-11 18:11:59]cmd = [upload]guid = [8f44a8ab_5c6c_6232_cd4f_642761007428]EntryID = [148]hostname = [MCLEE_PC]domain_name = [OPENFIND]upload success[9.00]
[2013-09-11 18:50:31]cmd = [upload]guid = [8f44a8ab_5c6c_6232_cd4f_642761007428]EntryID = [149]hostname = [Odie_PC]domain_name = [OPENFIND]upload success[9.00]
[2013-09-11 18:56:40]cmd = [upload]guid = [8f44a8ab_5c6c_6232_cd4f_642761007428]EntryID = [150]hostname = [Odie_PC]domain_name = [OPENFIND]upload success[9.00]
[2013-09-11 18:59:33]cmd = [upload]guid = [8f44a8ab_5c6c_6232_cd4f_642761007428]EntryID = [151]hostname = [Odie_PC]domain_name = [OPENFIND]upload success[9.00]
[2013-09-11 19:00:05]cmd = []guid = [8f44a8ab_5c6c_6232_cd4f_642761007428]EntryID = [151]hostname = [Odie_PC]domain_name = [OPENFIND]Action file already upload[entryID=151,XMLID=143]
[2013-09-11 19:06:12]cmd = [upload]guid = [8f44a8ab_5c6c_6232_cd4f_642761007428]EntryID = [152]hostname = [Odie_PC]domain_name = [OPENFIND]upload success[9.00]
[2013-09-11 19:17:09]cmd = [upload]guid = [8f44a8ab_5c6c_6232_cd4f_642761007428]EntryID = [153]hostname = [Odie_PC]domain_name = [OPENFIND]upload success[9.00]
[2013-09-12 09:30:03]cmd = [upload]guid = [8f44a8ab_5c6c_6232_cd4f_642761007428]EntryID = [154]hostname = [Odie_PC]domain_name = [OPENFIND]upload success[9.00]
[2013-09-12 09:34:31]cmd = [upload]guid = [8f44a8ab_5c6c_6232_cd4f_642761007428]EntryID = [155]hostname = [Odie_PC]domain_name = [OPENFIND]upload success[9.00]
[2013-09-12 09:40:14]cmd = [upload]guid = [8f44a8ab_5c6c_6232_cd4f_642761007428]EntryID = [156]hostname = [Odie_PC]domain_name = [OPENFIND]upload success[9.00]
[2013-09-12 09:43:42]cmd = [upload]guid = [8f44a8ab_5c6c_6232_cd4f_642761007428]EntryID = [157]hostname = [Odie_PC]domain_name = [OPENFIND]upload success[9.00]
[2013-09-12 09:45:46]cmd = [upload]guid = [8f44a8ab_5c6c_6232_cd4f_642761007428]EntryID = [158]hostname = [Odie_PC]domain_name = [OPENFIND]upload success[9.00]
[2013-09-12 09:48:13]cmd = [upload]guid = [8f44a8ab_5c6c_6232_cd4f_642761007428]EntryID = [159]hostname = [Odie_PC]domain_name = [OPENFIND]upload success[9.00]
[2013-09-12 10:08:09]cmd = [upload]guid = [8f44a8ab_5c6c_6232_cd4f_642761007428]EntryID = [160]hostname = [Odie_PC]domain_name = [OPENFIND]upload success[9.00]
[2013-09-12 10:33:34]cmd = [upload]guid = [8f44a8ab_5c6c_6232_cd4f_642761007428]EntryID = [161]hostname = [Odie_PC]domain_name = [OPENFIND]upload success[9.00]
[2013-09-12 14:29:53]cmd = [upload]guid = [8f44a8ab_5c6c_6232_cd4f_642761007428]EntryID = [162]hostname = [PHANTOM_PC]domain_name = [OPENFIND]upload success[9.00]
[2013-09-12 14:51:36]cmd = [upload]guid = [8f44a8ab_5c6c_6232_cd4f_642761007428]EntryID = [163]hostname = [PHANTOM_PC]domain_name = [OPENFIND]upload success[9.00]
[2013-09-12 14:52:47]cmd = [upload]guid = [8f44a8ab_5c6c_6232_cd4f_642761007428]EntryID = [164]hostname = [PHANTOM_PC]domain_name = [OPENFIND]upload success[9.00]
[2013-09-12 14:58:36]cmd = [upload]guid = [8f44a8ab_5c6c_6232_cd4f_642761007428]EntryID = [165]hostname = [PHANTOM_PC]domain_name = [OPENFIND]upload success[9.00]
[2013-09-12 15:02:31]cmd = [upload]guid = [8f44a8ab_5c6c_6232_cd4f_642761007428]EntryID = [166]hostname = [PHANTOM_PC]domain_name = [OPENFIND]upload success[9.00]
[2013-09-12 15:04:29]cmd = [upload]guid = [8f44a8ab_5c6c_6232_cd4f_642761007428]EntryID = [167]hostname = [PHANTOM_PC]domain_name = [OPENFIND]upload success[9.00]
[2013-09-12 15:07:16]cmd = [upload]guid = [8f44a8ab_5c6c_6232_cd4f_642761007428]EntryID = [168]hostname = [PHANTOM_PC]domain_name = [OPENFIND]upload success[9.00]
[2013-09-12 15:10:26]cmd = [upload]guid = [8f44a8ab_5c6c_6232_cd4f_642761007428]EntryID = [169]hostname = [PHANTOM_PC]domain_name = [OPENFIND]upload success[9.00]
[2013-09-12 15:18:19]cmd = [upload]guid = [8f44a8ab_5c6c_6232_cd4f_642761007428]EntryID = [170]hostname = [PHANTOM_PC]domain_name = [OPENFIND]upload success[9.00]
[2013-09-12 15:33:18]cmd = [upload]guid = [8f44a8ab_5c6c_6232_cd4f_642761007428]EntryID = [171]hostname = [PHANTOM_PC]domain_name = [OPENFIND]upload success[9.00]
[2013-09-12 15:33:56]cmd = [upload]guid = [8f44a8ab_5c6c_6232_cd4f_642761007428]EntryID = [172]hostname = [PHANTOM_PC]domain_name = [OPENFIND]upload success[9.00]
[2013-09-12 15:42:40]cmd = [upload]guid = [8f44a8ab_5c6c_6232_cd4f_642761007428]EntryID = [173]hostname = [PHANTOM_PC]domain_name = [OPENFIND]upload success[9.00]
[2013-09-12 16:00:49]cmd = [upload]guid = [8f44a8ab_5c6c_6232_cd4f_642761007428]EntryID = [174]hostname = [PHANTOM_PC]domain_name = [OPENFIND]upload success[9.00]
[2013-09-12 16:04:55]cmd = [upload]guid = [8f44a8ab_5c6c_6232_cd4f_642761007428]EntryID = [175]hostname = [PHANTOM_PC]domain_name = [OPENFIND]upload success[9.00]
[2013-09-12 16:06:51]cmd = [upload]guid = [8f44a8ab_5c6c_6232_cd4f_642761007428]EntryID = [176]hostname = [PHANTOM_PC]domain_name = [OPENFIND]upload success[9.00]
[2013-09-12 16:08:43]cmd = [upload]guid = [8f44a8ab_5c6c_6232_cd4f_642761007428]EntryID = [177]hostname = [PHANTOM_PC]domain_name = [OPENFIND]upload success[9.00]
[2013-09-12 16:10:38]cmd = [upload]guid = [8f44a8ab_5c6c_6232_cd4f_642761007428]EntryID = [178]hostname = [PHANTOM_PC]domain_name = [OPENFIND]upload success[9.00]
[2013-09-12 16:13:28]cmd = [upload]guid = [8f44a8ab_5c6c_6232_cd4f_642761007428]EntryID = [179]hostname = [PHANTOM_PC]domain_name = [OPENFIND]upload success[9.00]
[2013-09-12 16:14:22]cmd = [upload]guid = [8f44a8ab_5c6c_6232_cd4f_642761007428]EntryID = [180]hostname = [PHANTOM_PC]domain_name = [OPENFIND]upload success[9.00]
[2013-09-12 16:15:23]cmd = [upload]guid = [8f44a8ab_5c6c_6232_cd4f_642761007428]EntryID = [181]hostname = [PHANTOM_PC]domain_name = [OPENFIND]upload success[9.00]
[2013-09-12 16:18:19]cmd = [upload]guid = [8f44a8ab_5c6c_6232_cd4f_642761007428]EntryID = [182]hostname = [PHANTOM_PC]domain_name = [OPENFIND]upload success[9.00]
[2013-09-12 16:19:13]cmd = [upload]guid = [8f44a8ab_5c6c_6232_cd4f_642761007428]EntryID = [183]hostname = [PHANTOM_PC]domain_name = [OPENFIND]upload success[9.00]
[2013-09-12 16:19:39]cmd = [upload]guid = [8f44a8ab_5c6c_6232_cd4f_642761007428]EntryID = [184]hostname = [PHANTOM_PC]domain_name = [OPENFIND]upload success[9.00]
[2013-09-12 16:20:57]cmd = [upload]guid = [8f44a8ab_5c6c_6232_cd4f_642761007428]EntryID = [185]hostname = [PHANTOM_PC]domain_name = [OPENFIND]upload success[9.00]
[2013-09-12 16:26:08]cmd = [upload]guid = [8f44a8ab_5c6c_6232_cd4f_642761007428]EntryID = [186]hostname = [PHANTOM_PC]domain_name = [OPENFIND]upload success[9.00]
[2013-09-12 16:30:24]cmd = [upload]guid = [8f44a8ab_5c6c_6232_cd4f_642761007428]EntryID = [187]hostname = [PHANTOM_PC]domain_name = [OPENFIND]upload success[9.00]
[2013-09-12 16:37:29]cmd = [upload]guid = [8f44a8ab_5c6c_6232_cd4f_642761007428]EntryID = [188]hostname = [PHANTOM_PC]domain_name = [OPENFIND]upload success[9.00]
[2013-09-12 16:45:47]cmd = [upload]guid = [8f44a8ab_5c6c_6232_cd4f_642761007428]EntryID = [189]hostname = [PHANTOM_PC]domain_name = [OPENFIND]upload success[9.00]
[2013-09-13 10:19:58]cmd = [upload]guid = [8f44a8ab_5c6c_6232_cd4f_642761007428]EntryID = [191]hostname = [odie_xp_sp3]domain_name = [WORKGROUP]upload success[9.00]
[2013-09-13 10:54:22]cmd = [upload]guid = [8f44a8ab_5c6c_6232_cd4f_642761007428]EntryID = [192]hostname = [odie_xp_sp3]domain_name = [WORKGROUP]upload success[9.00]
[2013-09-13 11:23:41]cmd = [upload]guid = [8f44a8ab_5c6c_6232_cd4f_642761007428]EntryID = [190]hostname = [PHANTOM_PC]domain_name = [OPENFIND]upload success[9.00]
[2013-09-13 11:26:29]cmd = [upload]guid = [8f44a8ab_5c6c_6232_cd4f_642761007428]EntryID = [193]hostname = [PHANTOM_PC]domain_name = [OPENFIND]upload success[9.00]
[2013-09-13 11:41:04]cmd = [upload]guid = [8f44a8ab_5c6c_6232_cd4f_642761007428]EntryID = [194]hostname = [PHANTOM_PC]domain_name = [OPENFIND]upload success[9.00]
[2013-09-13 11:43:54]cmd = [upload]guid = [8f44a8ab_5c6c_6232_cd4f_642761007428]EntryID = [195]hostname = [PHANTOM_PC]domain_name = [OPENFIND]upload success[9.00]
[2013-09-14 08:43:49]cmd = [upload]guid = [8f44a8ab_5c6c_6232_cd4f_642761007428]EntryID = [196]hostname = [PHANTOM_PC]domain_name = [OPENFIND]upload success[9.00]
[2013-09-14 08:52:31]cmd = [upload]guid = [8f44a8ab_5c6c_6232_cd4f_642761007428]EntryID = [197]hostname = [PHANTOM_PC]domain_name = [OPENFIND]upload success[9.00]
[2013-09-14 08:57:38]cmd = [upload]guid = [8f44a8ab_5c6c_6232_cd4f_642761007428]EntryID = [198]hostname = [PHANTOM_PC]domain_name = [OPENFIND]upload success[9.00]
[2013-09-14 09:01:53]cmd = [upload]guid = [8f44a8ab_5c6c_6232_cd4f_642761007428]EntryID = [199]hostname = [PHANTOM_PC]domain_name = [OPENFIND]upload success[9.00]
[2013-09-14 09:13:33]cmd = [upload]guid = [8f44a8ab_5c6c_6232_cd4f_642761007428]EntryID = [200]hostname = [PHANTOM_PC]domain_name = [OPENFIND]upload success[9.00]
[2013-09-14 09:25:04]cmd = [upload]guid = [8f44a8ab_5c6c_6232_cd4f_642761007428]EntryID = [201]hostname = [PHANTOM_PC]domain_name = [OPENFIND]upload success[9.00]
[2013-09-14 09:33:53]cmd = [upload]guid = [8f44a8ab_5c6c_6232_cd4f_642761007428]EntryID = [202]hostname = [PHANTOM_PC]domain_name = [OPENFIND]upload success[9.00]
[2013-09-14 09:38:30]cmd = [upload]guid = [8f44a8ab_5c6c_6232_cd4f_642761007428]EntryID = [203]hostname = [PHANTOM_PC]domain_name = [OPENFIND]upload success[9.00]
[2013-09-14 09:49:12]cmd = [upload]guid = [8f44a8ab_5c6c_6232_cd4f_642761007428]EntryID = [204]hostname = [PHANTOM_PC]domain_name = [OPENFIND]upload success[9.00]
[2013-09-14 09:52:37]cmd = [upload]guid = [8f44a8ab_5c6c_6232_cd4f_642761007428]EntryID = [205]hostname = [PHANTOM_PC]domain_name = [OPENFIND]upload success[9.00]
[2013-09-14 10:06:52]cmd = [upload]guid = [8f44a8ab_5c6c_6232_cd4f_642761007428]EntryID = [206]hostname = [PHANTOM_PC]domain_name = [OPENFIND]upload success[9.00]
[2013-09-16 09:02:06]cmd = [upload]guid = [8f44a8ab_5c6c_6232_cd4f_642761007428]EntryID = [207]hostname = [PHANTOM_PC]domain_name = [OPENFIND]upload success[9.00]
[2013-09-16 09:03:23]cmd = [upload]guid = [8f44a8ab_5c6c_6232_cd4f_642761007428]EntryID = [208]hostname = [PHANTOM_PC]domain_name = [OPENFIND]upload success[9.00]
[2013-09-16 16:03:18]cmd = [upload]guid = [8f44a8ab_5c6c_6232_cd4f_642761007428]EntryID = [209]hostname = [PHANTOM_PC]domain_name = [OPENFIND]upload success[9.00]
[2013-09-16 16:35:41]cmd = [upload]guid = [8f44a8ab_5c6c_6232_cd4f_642761007428]EntryID = [210]hostname = [PHANTOM_PC]domain_name = [OPENFIND]upload success[9.00]
[2013-09-16 17:33:03]cmd = [upload]guid = [8f44a8ab_5c6c_6232_cd4f_642761007428]EntryID = [211]hostname = [odie_xp_sp3]domain_name = [WORKGROUP]upload success[9.00]
[2013-09-16 17:37:46]cmd = [upload]guid = [8f44a8ab_5c6c_6232_cd4f_642761007428]EntryID = [212]hostname = [odie_xp_sp3]domain_name = [WORKGROUP]upload success[9.00]
[2013-09-16 17:55:53]cmd = [upload]guid = [8f44a8ab_5c6c_6232_cd4f_642761007428]EntryID = [213]hostname = [odie_xp_sp3]domain_name = [WORKGROUP]upload success[9.00]
[2013-09-17 13:31:44]cmd = [upload]guid = [8f44a8ab_5c6c_6232_cd4f_642761007428]EntryID = [214]hostname = [odie_xp_sp3]domain_name = [WORKGROUP]upload success[9.00]
[2013-09-17 13:51:11]cmd = [upload]guid = [8f44a8ab_5c6c_6232_cd4f_642761007428]EntryID = [215]hostname = [odie_xp_sp3]domain_name = [WORKGROUP]upload success[9.00]
[2013-09-17 14:59:46]cmd = [upload]guid = [8f44a8ab_5c6c_6232_cd4f_642761007428]EntryID = [216]hostname = [odie_xp_sp3]domain_name = [WORKGROUP]upload success[9.00]
[2013-09-17 15:01:16]cmd = [upload]guid = [8f44a8ab_5c6c_6232_cd4f_642761007428]EntryID = [217]hostname = [odie_xp_sp3]domain_name = [WORKGROUP]upload success[9.00]
[2013-09-17 15:05:04]cmd = [upload]guid = [8f44a8ab_5c6c_6232_cd4f_642761007428]EntryID = [218]hostname = [odie_xp_sp3]domain_name = [WORKGROUP]upload success[9.00]
[2013-09-17 15:08:23]cmd = [upload]guid = [8f44a8ab_5c6c_6232_cd4f_642761007428]EntryID = [219]hostname = [odie_xp_sp3]domain_name = [WORKGROUP]upload success[9.00]
[2013-09-18 10:04:49]cmd = [upload]guid = [8f44a8ab_5c6c_6232_cd4f_642761007428]EntryID = [220]hostname = [Odie_PC]domain_name = [OPENFIND]upload success[9.00]
[2013-09-18 10:05:48]cmd = [upload]guid = [8f44a8ab_5c6c_6232_cd4f_642761007428]EntryID = [221]hostname = [Odie_PC]domain_name = [OPENFIND]upload success[9.00]
[2013-09-18 10:07:18]cmd = [upload]guid = [8f44a8ab_5c6c_6232_cd4f_642761007428]EntryID = [222]hostname = [Odie_PC]domain_name = [OPENFIND]upload success[9.00]
[2013-09-18 10:10:25]cmd = [upload]guid = [8f44a8ab_5c6c_6232_cd4f_642761007428]EntryID = [223]hostname = [Odie_PC]domain_name = [OPENFIND]upload success[9.00]
[2013-09-18 10:32:20]cmd = [upload]guid = [8f44a8ab_5c6c_6232_cd4f_642761007428]EntryID = [224]hostname = [Odie_PC]domain_name = [OPENFIND]upload success[9.00]
[2013-09-18 10:33:08]cmd = [upload]guid = [8f44a8ab_5c6c_6232_cd4f_642761007428]EntryID = [225]hostname = [Odie_PC]domain_name = [OPENFIND]upload success[9.00]
[2013-09-18 10:49:21]cmd = [upload]guid = [8f44a8ab_5c6c_6232_cd4f_642761007428]EntryID = [226]hostname = [Odie_PC]domain_name = [OPENFIND]upload success[9.00]
[2013-09-18 16:14:29]cmd = [upload]guid = [8f44a8ab_5c6c_6232_cd4f_642761007428]EntryID = [228]hostname = [rick_lin]domain_name = [OPENFIND]upload success[9.00]
[2013-09-18 16:27:05]cmd = [upload]guid = [8f44a8ab_5c6c_6232_cd4f_642761007428]EntryID = [229]hostname = [odie_xp_sp3]domain_name = [WORKGROUP]upload success[9.00]
[2013-09-18 18:23:19]cmd = []guid = [8f44a8ab_5c6c_6232_cd4f_642761007428]EntryID = [228]hostname = [rick_lin]domain_name = [OPENFIND]Action file already upload[entryID=228,XMLID=236]
[2013-09-23 10:52:54]cmd = [upload]guid = [8f44a8ab_5c6c_6232_cd4f_642761007428]EntryID = [230]hostname = [mario_wang]domain_name = [OPENFIND]upload success[9.00]
[2013-09-24 16:17:52]cmd = [upload]guid = [8f44a8ab_5c6c_6232_cd4f_642761007428]EntryID = [231]hostname = [odie_xp_sp3]domain_name = [WORKGROUP]upload success[9.00]
[2013-09-24 18:23:15]cmd = []guid = [8f44a8ab_5c6c_6232_cd4f_642761007428]EntryID = [77]hostname = [rick_lin]domain_name = [OPENFIND]Action file already upload[entryID=77,XMLID=236]
[2013-09-24 18:29:27]cmd = [upload]guid = [8f44a8ab_5c6c_6232_cd4f_642761007428]EntryID = [232]hostname = [rick_lin]domain_name = [OPENFIND]upload success[9.00]
[2013-09-24 18:56:48]cmd = [upload]guid = [8f44a8ab_5c6c_6232_cd4f_642761007428]EntryID = [233]hostname = [Mario_PC]domain_name = [WORKGROUP]upload success[9.00]
[2013-09-25 14:27:44]cmd = [upload]guid = [8f44a8ab_5c6c_6232_cd4f_642761007428]EntryID = [234]hostname = [odie_xp_sp3]domain_name = [WORKGROUP]upload success[9.00]
[2013-09-25 14:30:25]cmd = [upload]guid = [8f44a8ab_5c6c_6232_cd4f_642761007428]EntryID = [235]hostname = [odie_xp_sp3]domain_name = [WORKGROUP]upload success[9.00]
[2013-09-25 14:44:32]cmd = [upload]guid = [8f44a8ab_5c6c_6232_cd4f_642761007428]EntryID = [236]hostname = [odie_xp_sp3]domain_name = [WORKGROUP]upload success[9.00]
[2013-09-25 14:52:56]cmd = [upload]guid = [8f44a8ab_5c6c_6232_cd4f_642761007428]EntryID = [237]hostname = [odie_xp_sp3]domain_name = [WORKGROUP]upload success[9.00]
[2013-09-25 15:02:08]cmd = [upload]guid = [8f44a8ab_5c6c_6232_cd4f_642761007428]EntryID = [238]hostname = [odie_xp_sp3]domain_name = [WORKGROUP]upload success[9.00]
[2013-09-25 17:58:57]cmd = [upload]guid = [8f44a8ab_5c6c_6232_cd4f_642761007428]EntryID = [239]hostname = [odie_xp_sp3]domain_name = [WORKGROUP]upload success[9.00]
[2013-09-25 18:00:24]cmd = [upload]guid = [8f44a8ab_5c6c_6232_cd4f_642761007428]EntryID = [240]hostname = [odie_xp_sp3]domain_name = [WORKGROUP]upload success[9.00]
[2013-09-25 18:10:03]cmd = [upload]guid = [8f44a8ab_5c6c_6232_cd4f_642761007428]EntryID = [241]hostname = [odie_xp_sp3]domain_name = [WORKGROUP]upload success[9.00]
[2013-09-25 18:13:19]cmd = [upload]guid = [8f44a8ab_5c6c_6232_cd4f_642761007428]EntryID = [242]hostname = [odie_xp_sp3]domain_name = [WORKGROUP]upload success[9.00]
[2013-09-25 18:13:56]cmd = [upload]guid = [8f44a8ab_5c6c_6232_cd4f_642761007428]EntryID = [243]hostname = [odie_xp_sp3]domain_name = [WORKGROUP]upload success[9.00]
[2013-09-25 18:14:23]cmd = [upload]guid = [8f44a8ab_5c6c_6232_cd4f_642761007428]EntryID = [244]hostname = [odie_xp_sp3]domain_name = [WORKGROUP]upload success[9.00]
[2013-09-25 18:19:00]cmd = [upload]guid = [8f44a8ab_5c6c_6232_cd4f_642761007428]EntryID = [245]hostname = [odie_xp_sp3]domain_name = [WORKGROUP]upload success[9.00]
[2013-09-25 18:29:16]cmd = [upload]guid = [8f44a8ab_5c6c_6232_cd4f_642761007428]EntryID = [246]hostname = [odie_xp_sp3]domain_name = [WORKGROUP]upload success[9.00]
[2013-09-25 18:30:28]cmd = [upload]guid = [8f44a8ab_5c6c_6232_cd4f_642761007428]EntryID = [247]hostname = [odie_xp_sp3]domain_name = [WORKGROUP]upload success[9.00]
[2013-09-25 18:34:43]cmd = [upload]guid = [8f44a8ab_5c6c_6232_cd4f_642761007428]EntryID = [248]hostname = [odie_xp_sp3]domain_name = [WORKGROUP]upload success[9.00]
[2013-09-26 09:03:41]cmd = [upload]guid = [8f44a8ab_5c6c_6232_cd4f_642761007428]EntryID = [249]hostname = [odie_xp_sp3]domain_name = [WORKGROUP]upload success[9.00]
[2013-09-26 09:09:39]cmd = [upload]guid = [8f44a8ab_5c6c_6232_cd4f_642761007428]EntryID = [250]hostname = [odie_xp_sp3]domain_name = [WORKGROUP]upload success[9.00]
[2013-09-26 09:11:25]cmd = [upload]guid = [8f44a8ab_5c6c_6232_cd4f_642761007428]EntryID = [251]hostname = [odie_xp_sp3]domain_name = [WORKGROUP]upload success[9.00]
[2013-09-26 09:15:14]cmd = [upload]guid = [8f44a8ab_5c6c_6232_cd4f_642761007428]EntryID = [252]hostname = [odie_xp_sp3]domain_name = [WORKGROUP]upload success[9.00]
[2013-09-26 09:17:32]cmd = [upload]guid = [8f44a8ab_5c6c_6232_cd4f_642761007428]EntryID = [253]hostname = [odie_xp_sp3]domain_name = [WORKGROUP]upload success[9.00]
[2013-09-26 09:44:49]cmd = [upload]guid = [8f44a8ab_5c6c_6232_cd4f_642761007428]EntryID = [254]hostname = [odie_xp_sp3]domain_name = [WORKGROUP]upload success[9.00]
[2013-09-26 11:02:18]cmd = [upload]guid = [8f44a8ab_5c6c_6232_cd4f_642761007428]EntryID = [255]hostname = [odie_xp_sp3]domain_name = [WORKGROUP]upload success[9.00]
[2013-09-26 14:27:46]cmd = [upload]guid = [8f44a8ab_5c6c_6232_cd4f_642761007428]EntryID = [256]hostname = [odie_xp_sp3]domain_name = [WORKGROUP]upload success[9.00]
[2013-09-26 16:39:54]cmd = [upload]guid = [8f44a8ab_5c6c_6232_cd4f_642761007428]EntryID = [257]hostname = [odie_xp_sp3]domain_name = [WORKGROUP]upload success[9.00]
[2013-09-26 16:40:30]cmd = [upload]guid = [8f44a8ab_5c6c_6232_cd4f_642761007428]EntryID = [258]hostname = [odie_xp_sp3]domain_name = [WORKGROUP]upload success[9.00]
[2013-09-26 17:09:11]cmd = [upload]guid = [8f44a8ab_5c6c_6232_cd4f_642761007428]EntryID = [259]hostname = [odie_xp_sp3]domain_name = [WORKGROUP]upload success[9.00]
[2013-09-26 17:29:16]cmd = [upload]guid = [8f44a8ab_5c6c_6232_cd4f_642761007428]EntryID = [260]hostname = [odie_xp_sp3]domain_name = [WORKGROUP]upload success[9.00]
[2013-10-02 17:26:29]cmd = [upload]guid = [8f44a8ab_5c6c_6232_cd4f_642761007428]EntryID = [261]hostname = [PHANTOM_PC]domain_name = [OPENFIND]upload success[9.00]
[2013-10-02 17:36:10]cmd = [upload]guid = [8f44a8ab_5c6c_6232_cd4f_642761007428]EntryID = [262]hostname = [PHANTOM_PC]domain_name = [OPENFIND]upload success[9.00]
[2013-10-02 17:38:53]cmd = [upload]guid = [8f44a8ab_5c6c_6232_cd4f_642761007428]EntryID = [263]hostname = [PHANTOM_PC]domain_name = [OPENFIND]upload success[9.00]
[2013-10-03 18:12:42]cmd = [upload]guid = [8f44a8ab_5c6c_6232_cd4f_642761007428]EntryID = [266]hostname = [odie_xp_sp3]domain_name = [WORKGROUP]upload success[9.00]
[2013-10-15 16:23:42]cmd = [upload]guid = [8f44a8ab_5c6c_6232_cd4f_642761007428]EntryID = [270]hostname = [testTest_測試__123testTestGY]domain_name = [DOMAINDOMAINDOM]upload success[9.00]
[2013-10-16 15:53:23]cmd = [upload]guid = [8f44a8ab_5c6c_6232_cd4f_642761007428]EntryID = [271]hostname = [testTest_測試__123testTestGY]domain_name = [DOMAINDOMAINDOM]upload success[9.00]
[2013-10-17 15:49:51]cmd = [upload]guid = [8f44a8ab_5c6c_6232_cd4f_642761007428]EntryID = [272]hostname = [Odie_PC]domain_name = [OPENFIND]upload success[9.00]
[2013-10-18 14:45:43]cmd = [upload]guid = [8f44a8ab_5c6c_6232_cd4f_642761007428]EntryID = [273]hostname = [xp_test]domain_name = [WORKGROUP]upload success[9.00]
[2013-10-18 14:58:25]cmd = []guid = [8f44a8ab_5c6c_6232_cd4f_642761007428]EntryID = [273]hostname = [xp_test]domain_name = [WORKGROUP]Action file already upload[entryID=273,XMLID=277]
[2013-11-25 15:44:10]cmd = [upload]guid = [8f44a8ab_5c6c_6232_cd4f_642761007428]EntryID = [274]hostname = [rick_lin]domain_name = [OPENFIND]upload success[9.00]
[2013-11-25 15:47:04]cmd = []guid = [8f44a8ab_5c6c_6232_cd4f_642761007428]EntryID = [274]hostname = [rick_lin]domain_name = [OPENFIND]Action file already upload[entryID=274,XMLID=278]
[2013-12-17 15:07:57]cmd = [upload]guid = [8f44a8ab_5c6c_6232_cd4f_642761007428]EntryID = [275]hostname = [Odie_PC]domain_name = [OPENFIND]upload success[9.00]
[2013-12-17 15:13:27]cmd = [upload]guid = [8f44a8ab_5c6c_6232_cd4f_642761007428]EntryID = [276]hostname = [Odie_PC]domain_name = [OPENFIND]upload success[9.00]
[2014-02-12 17:03:55]cmd = [upload]guid = [8f44a8ab_5c6c_6232_cd4f_642761007428]EntryID = [278]hostname = [Odie_PC]domain_name = [OPENFIND]upload success[9.00]
[2014-02-12 17:59:34]cmd = []guid = [8f44a8ab_5c6c_6232_cd4f_642761007428]EntryID = [278]hostname = [Odie_PC]domain_name = [OPENFIND]Action file already upload[entryID=278,XMLID=281]
[2014-02-12 18:12:54]cmd = [upload]guid = [8f44a8ab_5c6c_6232_cd4f_642761007428]EntryID = [279]hostname = [Odie_PC]domain_name = [OPENFIND]upload success[9.00]
[2014-02-12 19:05:32]cmd = []guid = [8f44a8ab_5c6c_6232_cd4f_642761007428]EntryID = [279]hostname = [Odie_PC]domain_name = [OPENFIND]Action file already upload[entryID=279,XMLID=282]
[2014-02-13 09:34:56]cmd = []guid = [8f44a8ab_5c6c_6232_cd4f_642761007428]EntryID = [279]hostname = [Odie_PC]domain_name = [OPENFIND]Action file already upload[entryID=279,XMLID=282]
[2014-02-13 09:35:36]cmd = []guid = [8f44a8ab_5c6c_6232_cd4f_642761007428]EntryID = [279]hostname = [Odie_PC]domain_name = [OPENFIND]Action file already upload[entryID=279,XMLID=282]
[2014-02-13 09:35:42]cmd = []guid = [8f44a8ab_5c6c_6232_cd4f_642761007428]EntryID = [279]hostname = [Odie_PC]domain_name = [OPENFIND]Action file already upload[entryID=279,XMLID=282]
[2014-02-13 09:35:52]cmd = []guid = [8f44a8ab_5c6c_6232_cd4f_642761007428]EntryID = [279]hostname = [Odie_PC]domain_name = [OPENFIND]Action file already upload[entryID=279,XMLID=282]
[2014-02-13 09:40:25]cmd = []guid = [8f44a8ab_5c6c_6232_cd4f_642761007428]EntryID = [279]hostname = [Odie_PC]domain_name = [OPENFIND]Action file already upload[entryID=279,XMLID=282]
[2014-02-13 09:41:33]cmd = [upload]guid = [8f44a8ab_5c6c_6232_cd4f_642761007428]EntryID = [280]hostname = [Odie_PC]domain_name = [OPENFIND]upload success[9.00]
[2014-02-21 09:24:55]cmd = [upload]guid = [8f44a8ab_5c6c_6232_cd4f_642761007428]EntryID = [281]hostname = [中文電腦]domain_name = [中文網域]upload success[9.00]
[2014-02-27 10:53:03]cmd = [upload]guid = [8f44a8ab_5c6c_6232_cd4f_642761007428]EntryID = [282]hostname = [Odie_PC]domain_name = [OPENFIND]upload success[9.00]
[2014-03-05 14:06:15]cmd = [upload]guid = [8f44a8ab_5c6c_6232_cd4f_642761007428]EntryID = [283]hostname = [3107_61030_191]domain_name = [TSC14]upload success[9.00]
[2014-03-05 14:13:22]cmd = []guid = [8f44a8ab_5c6c_6232_cd4f_642761007428]EntryID = [283]hostname = [3107_61030_191]domain_name = [TSC14]Action file already upload[entryID=283,XMLID=286]
[2014-03-05 15:11:07]cmd = []guid = [8f44a8ab_5c6c_6232_cd4f_642761007428]EntryID = [283]hostname = [3107_61030_191]domain_name = [TSC14]Action file already upload[entryID=283,XMLID=286]
[2014-03-05 15:11:11]cmd = []guid = [8f44a8ab_5c6c_6232_cd4f_642761007428]EntryID = [283]hostname = [3107_61030_191]domain_name = [TSC14]Action file already upload[entryID=283,XMLID=286]
[2014-03-05 15:17:34]cmd = [upload]guid = [8f44a8ab_5c6c_6232_cd4f_642761007428]EntryID = [284]hostname = [3107_61030_191]domain_name = [TSC14]upload success[9.00]
[2014-03-05 17:01:58]cmd = []guid = [8f44a8ab_5c6c_6232_cd4f_642761007428]EntryID = [284]hostname = [3107_61030_191]domain_name = [TSC14]Action file already upload[entryID=284,XMLID=287]
[2014-03-05 17:02:01]cmd = []guid = [8f44a8ab_5c6c_6232_cd4f_642761007428]EntryID = [284]hostname = [3107_61030_191]domain_name = [TSC14]Action file already upload[entryID=284,XMLID=287]
[2014-03-05 17:08:15]cmd = [upload]guid = [8f44a8ab_5c6c_6232_cd4f_642761007428]EntryID = [285]hostname = [3107_61030_191]domain_name = [TSC14]upload success[9.00]
test
[2014-06-10 13:49:27]cmd = [upload]guid = [8f44a8ab_5c6c_6232_cd4f_642761007428]EntryID = [295]hostname = [TEST_NY020G0IHQ]domain_name = [WORKGROUP]upload success[9.00]
[2014-06-11 18:35:26]cmd = [upload]guid = [8f44a8ab_5c6c_6232_cd4f_642761007428]EntryID = [298]hostname = [JIMMY_KO]domain_name = [OPENFIND]upload success[9.00]
[2014-06-11 18:36:18]cmd = []guid = [8f44a8ab_5c6c_6232_cd4f_642761007428]EntryID = [298]hostname = [JIMMY_KO]domain_name = [OPENFIND]Action file already upload[entryID=298,XMLID=299]
[2014-06-11 19:05:10]cmd = []guid = [8f44a8ab_5c6c_6232_cd4f_642761007428]EntryID = [298]hostname = [JIMMY_KO]domain_name = [OPENFIND]Action file already upload[entryID=298,XMLID=299]
[2014-07-29 15:34:01]cmd = [upload]guid = [8f44a8ab_5c6c_6232_cd4f_642761007428]EntryID = [373]hostname = [TEST_NY020G0IHQ]domain_name = [WORKGROUP]upload success[9.00]
[2014-07-29 16:16:09]cmd = [upload]guid = [8f44a8ab_5c6c_6232_cd4f_642761007428]EntryID = [374]hostname = [TEST_NY020G0IHQ]domain_name = [WORKGROUP]upload success[9.00]
[2014-07-29 16:33:55]cmd = [upload]guid = [8f44a8ab_5c6c_6232_cd4f_642761007428]EntryID = [375]hostname = [TEST_NY020G0IHQ]domain_name = [WORKGROUP]upload success[9.00]
[2014-09-09 13:56:14]cmd = [upload]guid = [8f44a8ab_5c6c_6232_cd4f_642761007428]EntryID = [376]hostname = [Odie_PC]domain_name = [OPENFIND]upload success[9.00]
[2014-09-09 14:10:03]cmd = [upload]guid = [8f44a8ab_5c6c_6232_cd4f_642761007428]EntryID = [377]hostname = [Odie_PC]domain_name = [OPENFIND]upload success[9.00]
[2014-09-09 14:59:17]cmd = [upload]guid = [8f44a8ab_5c6c_6232_cd4f_642761007428]EntryID = [378]hostname = [Odie_PC]domain_name = [OPENFIND]upload success[9.00]
[2014-09-09 15:05:12]cmd = [upload]guid = [8f44a8ab_5c6c_6232_cd4f_642761007428]EntryID = [379]hostname = [Odie_PC]domain_name = [OPENFIND]upload success[9.00]
[2014-09-09 15:20:40]cmd = [upload]guid = [8f44a8ab_5c6c_6232_cd4f_642761007428]EntryID = [380]hostname = [Odie_PC]domain_name = [OPENFIND]upload success[9.00]
[2014-09-09 17:00:40]cmd = [upload]guid = [8f44a8ab_5c6c_6232_cd4f_642761007428]EntryID = [381]hostname = [phantom_CN_NB]domain_name = [WORKGROUP]upload success[9.00]
[2014-09-09 17:02:21]cmd = [upload]guid = [8f44a8ab_5c6c_6232_cd4f_642761007428]EntryID = [382]hostname = [phantom_CN_NB]domain_name = [WORKGROUP]upload success[9.00]
[2014-09-09 17:14:43]cmd = [upload]guid = [8f44a8ab_5c6c_6232_cd4f_642761007428]EntryID = [383]hostname = [phantom_CN_NB]domain_name = [WORKGROUP]upload success[9.00]
[2014-09-09 17:17:50]cmd = [upload]guid = [8f44a8ab_5c6c_6232_cd4f_642761007428]EntryID = [384]hostname = [phantom_CN_NB]domain_name = [WORKGROUP]upload success[9.00]
[2014-09-09 17:19:15]cmd = [upload]guid = [8f44a8ab_5c6c_6232_cd4f_642761007428]EntryID = [385]hostname = [phantom_CN_NB]domain_name = [WORKGROUP]upload success[9.00]
[2014-09-09 17:19:46]cmd = [upload]guid = [8f44a8ab_5c6c_6232_cd4f_642761007428]EntryID = [386]hostname = [phantom_CN_NB]domain_name = [WORKGROUP]upload success[9.00]
[2014-09-09 17:20:24]cmd = [upload]guid = [8f44a8ab_5c6c_6232_cd4f_642761007428]EntryID = [387]hostname = [phantom_CN_NB]domain_name = [WORKGROUP]upload success[9.00]
[2014-09-09 17:21:11]cmd = [upload]guid = [8f44a8ab_5c6c_6232_cd4f_642761007428]EntryID = [388]hostname = [phantom_CN_NB]domain_name = [WORKGROUP]upload success[9.00]
[2014-09-09 17:22:46]cmd = [upload]guid = [8f44a8ab_5c6c_6232_cd4f_642761007428]EntryID = [389]hostname = [phantom_CN_NB]domain_name = [WORKGROUP]upload success[9.00]
[2014-09-09 17:23:36]cmd = [upload]guid = [8f44a8ab_5c6c_6232_cd4f_642761007428]EntryID = [390]hostname = [phantom_CN_NB]domain_name = [WORKGROUP]upload success[9.00]
[2014-09-09 17:25:23]cmd = [upload]guid = [8f44a8ab_5c6c_6232_cd4f_642761007428]EntryID = [391]hostname = [phantom_CN_NB]domain_name = [WORKGROUP]upload success[9.00]
[2014-09-09 17:30:58]cmd = [upload]guid = [8f44a8ab_5c6c_6232_cd4f_642761007428]EntryID = [392]hostname = [phantom_CN_NB]domain_name = [WORKGROUP]upload success[9.00]
[2014-09-09 17:46:13]cmd = [upload]guid = [8f44a8ab_5c6c_6232_cd4f_642761007428]EntryID = [393]hostname = [phantom_CN_NB]domain_name = [WORKGROUP]upload success[9.00]
[2014-09-09 17:47:33]cmd = [upload]guid = [8f44a8ab_5c6c_6232_cd4f_642761007428]EntryID = [394]hostname = [phantom_CN_NB]domain_name = [WORKGROUP]upload success[9.00]
[2014-09-09 17:49:54]cmd = [upload]guid = [8f44a8ab_5c6c_6232_cd4f_642761007428]EntryID = [395]hostname = [phantom_CN_NB]domain_name = [WORKGROUP]upload success[9.00]
[2014-09-09 17:54:45]cmd = [upload]guid = [8f44a8ab_5c6c_6232_cd4f_642761007428]EntryID = [396]hostname = [phantom_CN_NB]domain_name = [WORKGROUP]upload success[9.00]
[2014-09-09 18:04:33]cmd = [upload]guid = [8f44a8ab_5c6c_6232_cd4f_642761007428]EntryID = [397]hostname = [Odie_PC]domain_name = [OPENFIND]upload success[9.00]
[2014-09-09 18:22:39]cmd = [upload]guid = [8f44a8ab_5c6c_6232_cd4f_642761007428]EntryID = [398]hostname = [Odie_PC]domain_name = [OPENFIND]upload success[9.00]
[2014-09-10 10:27:54]cmd = [upload]guid = [8f44a8ab_5c6c_6232_cd4f_642761007428]EntryID = [399]hostname = [phantom_CN_NB]domain_name = [WORKGROUP]upload success[9.00]
[2014-09-10 10:30:54]cmd = [upload]guid = [8f44a8ab_5c6c_6232_cd4f_642761007428]EntryID = [400]hostname = [phantom_CN_NB]domain_name = [WORKGROUP]upload success[9.00]
[2014-09-10 15:47:07]cmd = [upload]guid = [8f44a8ab_5c6c_6232_cd4f_642761007428]EntryID = [401]hostname = [phantom_CN_NB]domain_name = [WORKGROUP]upload success[9.00]
[2014-09-10 15:53:04]cmd = [upload]guid = [8f44a8ab_5c6c_6232_cd4f_642761007428]EntryID = [402]hostname = [phantom_CN_NB]domain_name = [WORKGROUP]upload success[9.00]
[2014-09-10 19:17:48]cmd = [upload]guid = [8f44a8ab_5c6c_6232_cd4f_642761007428]EntryID = [403]hostname = [phantom_CN_NB]domain_name = [WORKGROUP]upload success[9.00]
[2014-09-10 19:26:27]cmd = [upload]guid = [8f44a8ab_5c6c_6232_cd4f_642761007428]EntryID = [404]hostname = [phantom_CN_NB]domain_name = [WORKGROUP]upload success[9.00]
[2014-09-10 19:29:29]cmd = [upload]guid = [8f44a8ab_5c6c_6232_cd4f_642761007428]EntryID = [405]hostname = [phantom_CN_NB]domain_name = [WORKGROUP]upload success[9.00]
[2014-09-10 19:35:41]cmd = [upload]guid = [8f44a8ab_5c6c_6232_cd4f_642761007428]EntryID = [406]hostname = [phantom_CN_NB]domain_name = [WORKGROUP]upload success[9.00]
[2014-09-10 19:48:37]cmd = [upload]guid = [8f44a8ab_5c6c_6232_cd4f_642761007428]EntryID = [407]hostname = [Phantom_PC]domain_name = [WORKGROUP]upload success[9.00]
[2014-09-10 19:54:18]cmd = [upload]guid = [8f44a8ab_5c6c_6232_cd4f_642761007428]EntryID = [408]hostname = [Phantom_PC]domain_name = [WORKGROUP]upload success[9.00]
[2014-09-10 19:58:29]cmd = [upload]guid = [8f44a8ab_5c6c_6232_cd4f_642761007428]EntryID = [409]hostname = [Phantom_PC]domain_name = [WORKGROUP]upload success[9.00]
[2014-09-10 19:59:28]cmd = [upload]guid = [8f44a8ab_5c6c_6232_cd4f_642761007428]EntryID = [410]hostname = [Phantom_PC]domain_name = [WORKGROUP]upload success[9.00]
[2014-09-10 20:06:12]cmd = [upload]guid = [8f44a8ab_5c6c_6232_cd4f_642761007428]EntryID = [411]hostname = [Phantom_PC]domain_name = [WORKGROUP]upload success[9.00]
[2014-09-10 20:10:07]cmd = [upload]guid = [8f44a8ab_5c6c_6232_cd4f_642761007428]EntryID = [412]hostname = [Phantom_PC]domain_name = [WORKGROUP]upload success[9.00]
[2014-09-10 20:11:57]cmd = [upload]guid = [8f44a8ab_5c6c_6232_cd4f_642761007428]EntryID = [413]hostname = [Phantom_PC]domain_name = [WORKGROUP]upload success[9.00]
[2014-09-10 20:17:27]cmd = [upload]guid = [8f44a8ab_5c6c_6232_cd4f_642761007428]EntryID = [414]hostname = [Phantom_PC]domain_name = [WORKGROUP]upload success[9.00]
[2014-09-10 20:27:35]cmd = [upload]guid = [8f44a8ab_5c6c_6232_cd4f_642761007428]EntryID = [415]hostname = [Phantom_PC]domain_name = [WORKGROUP]upload success[9.00]
[2014-09-10 20:28:25]cmd = [upload]guid = [8f44a8ab_5c6c_6232_cd4f_642761007428]EntryID = [416]hostname = [Phantom_PC]domain_name = [WORKGROUP]upload success[9.00]
[2014-09-10 20:30:05]cmd = [upload]guid = [8f44a8ab_5c6c_6232_cd4f_642761007428]EntryID = [417]hostname = [Phantom_PC]domain_name = [WORKGROUP]upload success[9.00]
[2014-09-11 11:38:59]cmd = [upload]guid = [8f44a8ab_5c6c_6232_cd4f_642761007428]EntryID = [418]hostname = [phantom_CN_NB]domain_name = [WORKGROUP]upload success[9.00]
[2014-09-11 11:40:40]cmd = [upload]guid = [8f44a8ab_5c6c_6232_cd4f_642761007428]EntryID = [419]hostname = [phantom_CN_NB]domain_name = [WORKGROUP]upload success[9.00]
[2014-09-11 11:41:54]cmd = [upload]guid = [8f44a8ab_5c6c_6232_cd4f_642761007428]EntryID = [420]hostname = [phantom_CN_NB]domain_name = [WORKGROUP]upload success[9.00]
[2014-09-11 11:44:38]cmd = [upload]guid = [8f44a8ab_5c6c_6232_cd4f_642761007428]EntryID = [421]hostname = [phantom_CN_NB]domain_name = [WORKGROUP]upload success[9.00]
[2014-09-11 11:44:54]cmd = [upload]guid = [8f44a8ab_5c6c_6232_cd4f_642761007428]EntryID = [422]hostname = [phantom_CN_NB]domain_name = [WORKGROUP]upload success[9.00]
[2014-09-11 11:47:31]cmd = [upload]guid = [8f44a8ab_5c6c_6232_cd4f_642761007428]EntryID = [423]hostname = [phantom_CN_NB]domain_name = [WORKGROUP]upload success[9.00]
[2014-09-11 13:32:41]cmd = [upload]guid = [8f44a8ab_5c6c_6232_cd4f_642761007428]EntryID = [424]hostname = [phantom_CN_NB]domain_name = [WORKGROUP]upload success[9.00]
[2014-09-11 13:36:49]cmd = [upload]guid = [8f44a8ab_5c6c_6232_cd4f_642761007428]EntryID = [425]hostname = [phantom_CN_NB]domain_name = [WORKGROUP]upload success[9.00]
[2014-09-11 13:43:03]cmd = [upload]guid = [8f44a8ab_5c6c_6232_cd4f_642761007428]EntryID = [426]hostname = [phantom_CN_NB]domain_name = [WORKGROUP]upload success[9.00]
[2014-09-11 15:03:45]cmd = [upload]guid = [8f44a8ab_5c6c_6232_cd4f_642761007428]EntryID = [427]hostname = [phantom_CN_NB]domain_name = [WORKGROUP]upload success[9.00]
[2014-10-07 14:39:03]cmd = [upload]guid = [8f44a8ab_5c6c_6232_cd4f_642761007428]EntryID = [429]hostname = [odie_PC]domain_name = [OPENFIND]upload success[9.00]
[2014-10-07 14:54:59]cmd = [upload]guid = [8f44a8ab_5c6c_6232_cd4f_642761007428]EntryID = [430]hostname = [odie_PC]domain_name = [OPENFIND]upload success[9.00]
[2014-10-09 09:47:15]cmd = [upload]guid = [C880BC52_0A54_5647_7FB3_3A845144489F]EntryID = [431]hostname = [odie_PC]domain_name = [OPENFIND]upload success[9.00]
[2014-10-09 11:08:20]cmd = [upload]guid = [C880BC52_0A54_5647_7FB3_3A845144489F]EntryID = [432]hostname = [odie_PC]domain_name = [OPENFIND]upload success[9.00]
[2014-10-09 18:04:21]cmd = [upload]guid = [C880BC52_0A54_5647_7FB3_3A845144489F]EntryID = [433]hostname = [odie_PC]domain_name = [OPENFIND]upload success[9.00]
[2014-10-30 10:18:39]cmd = [upload]guid = [8f44a8ab_5c6c_6232_cd4f_642761007428]EntryID = [434]hostname = [odie_PC]domain_name = [OPENFIND]upload success[9.00]
[2014-10-30 10:23:49]cmd = [upload]guid = [8f44a8ab_5c6c_6232_cd4f_642761007428]EntryID = [435]hostname = [odie_PC]domain_name = [OPENFIND]upload success[9.00]
[2014-10-30 10:39:04]cmd = [upload]guid = [8f44a8ab_5c6c_6232_cd4f_642761007428]EntryID = [436]hostname = [odie_PC]domain_name = [OPENFIND]upload success[9.00]
[2014-10-30 10:44:25]cmd = [upload]guid = [8f44a8ab_5c6c_6232_cd4f_642761007428]EntryID = [437]hostname = [odie_PC]domain_name = [OPENFIND]upload success[9.00]
[2014-10-30 12:02:03]cmd = [upload]guid = [8f44a8ab_5c6c_6232_cd4f_642761007428]EntryID = [438]hostname = [odie_PC]domain_name = [OPENFIND]upload success[9.00]
[2014-10-30 14:26:51]cmd = [upload]guid = [8f44a8ab_5c6c_6232_cd4f_642761007428]EntryID = [439]hostname = [odie_PC]domain_name = [OPENFIND]upload success[9.00]
[2014-10-30 14:39:59]cmd = [upload]guid = [8f44a8ab_5c6c_6232_cd4f_642761007428]EntryID = [440]hostname = [odie_PC]domain_name = [OPENFIND]upload success[9.00]
[2014-10-30 14:46:09]cmd = [upload]guid = [8f44a8ab_5c6c_6232_cd4f_642761007428]EntryID = [441]hostname = [odie_PC]domain_name = [OPENFIND]upload success[9.00]
[2014-10-30 14:53:22]cmd = [upload]guid = [8f44a8ab_5c6c_6232_cd4f_642761007428]EntryID = [442]hostname = [odie_PC]domain_name = [OPENFIND]upload success[9.00]
[2014-10-30 15:03:47]cmd = [upload]guid = [8f44a8ab_5c6c_6232_cd4f_642761007428]EntryID = [443]hostname = [odie_PC]domain_name = [OPENFIND]upload success[9.00]
[2014-10-30 15:20:40]cmd = [upload]guid = [8f44a8ab_5c6c_6232_cd4f_642761007428]EntryID = [444]hostname = [odie_PC]domain_name = [OPENFIND]upload success[9.00]
[2014-10-30 15:22:49]cmd = [upload]guid = [8f44a8ab_5c6c_6232_cd4f_642761007428]EntryID = [445]hostname = [odie_PC]domain_name = [OPENFIND]upload success[9.00]
[2014-10-30 15:43:05]cmd = [upload]guid = [8f44a8ab_5c6c_6232_cd4f_642761007428]EntryID = [446]hostname = [odie_PC]domain_name = [OPENFIND]upload success[9.00]
[2014-10-30 15:49:02]cmd = [upload]guid = [8f44a8ab_5c6c_6232_cd4f_642761007428]EntryID = [447]hostname = [odie_PC]domain_name = [OPENFIND]upload success[9.00]
[2014-10-30 16:25:34]cmd = [upload]guid = [8f44a8ab_5c6c_6232_cd4f_642761007428]EntryID = [448]hostname = [odie_PC]domain_name = [OPENFIND]upload success[9.00]
[2014-10-30 16:44:27]cmd = [upload]guid = [8f44a8ab_5c6c_6232_cd4f_642761007428]EntryID = [449]hostname = [odie_PC]domain_name = [OPENFIND]upload success[9.00]
[2014-10-30 16:52:39]cmd = [upload]guid = [8f44a8ab_5c6c_6232_cd4f_642761007428]EntryID = [450]hostname = [odie_PC]domain_name = [OPENFIND]upload success[9.00]
[2014-10-30 16:57:34]cmd = [upload]guid = [8f44a8ab_5c6c_6232_cd4f_642761007428]EntryID = [451]hostname = [odie_PC]domain_name = [OPENFIND]upload success[9.00]
[2014-10-30 17:12:12]cmd = [upload]guid = [8f44a8ab_5c6c_6232_cd4f_642761007428]EntryID = [452]hostname = [odie_PC]domain_name = [OPENFIND]upload success[9.00]
[2014-10-30 17:19:22]cmd = [upload]guid = [8f44a8ab_5c6c_6232_cd4f_642761007428]EntryID = [453]hostname = [odie_PC]domain_name = [OPENFIND]upload success[9.00]
[2014-10-30 17:44:58]cmd = [upload]guid = [8f44a8ab_5c6c_6232_cd4f_642761007428]EntryID = [454]hostname = [odie_PC]domain_name = [OPENFIND]upload success[9.00]
[2014-10-30 17:58:49]cmd = [upload]guid = [8f44a8ab_5c6c_6232_cd4f_642761007428]EntryID = [455]hostname = [odie_PC]domain_name = [OPENFIND]upload success[9.00]
[2014-10-30 18:16:35]cmd = [upload]guid = [8f44a8ab_5c6c_6232_cd4f_642761007428]EntryID = [456]hostname = [odie_PC]domain_name = [OPENFIND]upload success[9.00]
[2014-10-30 18:19:53]cmd = [upload]guid = [8f44a8ab_5c6c_6232_cd4f_642761007428]EntryID = [457]hostname = [odie_PC]domain_name = [OPENFIND]upload success[9.00]
[2014-10-30 18:22:27]cmd = [upload]guid = [8f44a8ab_5c6c_6232_cd4f_642761007428]EntryID = [458]hostname = [odie_PC]domain_name = [OPENFIND]upload success[9.00]
[2014-10-30 18:31:08]cmd = [upload]guid = [8f44a8ab_5c6c_6232_cd4f_642761007428]EntryID = [459]hostname = [odie_PC]domain_name = [OPENFIND]upload success[9.00]
[2014-10-31 09:55:13]cmd = [upload]guid = [8f44a8ab_5c6c_6232_cd4f_642761007428]EntryID = [460]hostname = [odie_PC]domain_name = [OPENFIND]upload success[9.00]
[2014-10-31 09:57:53]cmd = [upload]guid = [8f44a8ab_5c6c_6232_cd4f_642761007428]EntryID = [461]hostname = [odie_PC]domain_name = [OPENFIND]upload success[9.00]
[2014-10-31 10:25:30]cmd = [upload]guid = [8f44a8ab_5c6c_6232_cd4f_642761007428]EntryID = [462]hostname = [odie_PC]domain_name = [OPENFIND]upload success[9.00]
[2014-10-31 10:48:23]cmd = [upload]guid = [8f44a8ab_5c6c_6232_cd4f_642761007428]EntryID = [463]hostname = [odie_PC]domain_name = [OPENFIND]upload success[9.00]
[2014-10-31 10:52:56]cmd = [upload]guid = [8f44a8ab_5c6c_6232_cd4f_642761007428]EntryID = [464]hostname = [odie_PC]domain_name = [OPENFIND]upload success[9.00]
[2014-10-31 10:56:18]cmd = [upload]guid = [8f44a8ab_5c6c_6232_cd4f_642761007428]EntryID = [465]hostname = [odie_PC]domain_name = [OPENFIND]upload success[9.00]
[2014-10-31 11:21:03]cmd = [upload]guid = [8f44a8ab_5c6c_6232_cd4f_642761007428]EntryID = [466]hostname = [odie_PC]domain_name = [OPENFIND]upload success[9.00]
[2014-10-31 11:33:55]cmd = [upload]guid = [8f44a8ab_5c6c_6232_cd4f_642761007428]EntryID = [467]hostname = [odie_PC]domain_name = [OPENFIND]upload success[9.00]
[2014-10-31 11:48:01]cmd = [upload]guid = [8f44a8ab_5c6c_6232_cd4f_642761007428]EntryID = [468]hostname = [odie_PC]domain_name = [OPENFIND]upload success[9.00]
[2014-10-31 11:52:51]cmd = [upload]guid = [8f44a8ab_5c6c_6232_cd4f_642761007428]EntryID = [469]hostname = [odie_PC]domain_name = [OPENFIND]upload success[9.00]
[2014-10-31 12:00:48]cmd = [upload]guid = [8f44a8ab_5c6c_6232_cd4f_642761007428]EntryID = [470]hostname = [odie_PC]domain_name = [OPENFIND]upload success[9.00]
[2014-10-31 14:28:43]cmd = [upload]guid = [8f44a8ab_5c6c_6232_cd4f_642761007428]EntryID = [471]hostname = [odie_PC]domain_name = [OPENFIND]upload success[9.00]
[2014-10-31 14:41:59]cmd = [upload]guid = [8f44a8ab_5c6c_6232_cd4f_642761007428]EntryID = [472]hostname = [odie_PC]domain_name = [OPENFIND]upload success[9.00]
[2014-10-31 15:58:13]cmd = [upload]guid = [8f44a8ab_5c6c_6232_cd4f_642761007428]EntryID = [473]hostname = [odie_PC]domain_name = [OPENFIND]upload success[9.00]
[2014-11-14 10:07:26]cmd = [upload]guid = [8F659685_8EFA_F71D_775D_EF5E2AAD9537]EntryID = [474]hostname = [odie_PC]domain_name = [OPENFIND]upload success[9.00]
[2014-11-14 10:10:47]cmd = [upload]guid = [8F659685_8EFA_F71D_775D_EF5E2AAD9537]EntryID = [475]hostname = [odie_PC]domain_name = [OPENFIND]upload success[9.00]
[2014-11-14 10:16:00]cmd = [upload]guid = [8F659685_8EFA_F71D_775D_EF5E2AAD9537]EntryID = [476]hostname = [odie_PC]domain_name = [OPENFIND]upload success[9.00]
[2014-11-14 10:27:51]cmd = [upload]guid = [8F659685_8EFA_F71D_775D_EF5E2AAD9537]EntryID = [477]hostname = [odie_PC]domain_name = [OPENFIND]upload success[9.00]
[2014-11-14 10:36:52]cmd = [upload]guid = [8F659685_8EFA_F71D_775D_EF5E2AAD9537]EntryID = [478]hostname = [odie_PC]domain_name = [OPENFIND]upload success[9.00]
[2014-11-14 10:53:03]cmd = [upload]guid = [8F659685_8EFA_F71D_775D_EF5E2AAD9537]EntryID = [479]hostname = [odie_PC]domain_name = [OPENFIND]upload success[9.00]
[2014-11-14 10:55:52]cmd = [upload]guid = [8F659685_8EFA_F71D_775D_EF5E2AAD9537]EntryID = [480]hostname = [odie_PC]domain_name = [OPENFIND]upload success[9.00]
[2014-11-14 11:35:21]cmd = [upload]guid = [8F659685_8EFA_F71D_775D_EF5E2AAD9537]EntryID = [481]hostname = [odie_PC]domain_name = [OPENFIND]upload success[9.00]
[2014-11-14 11:39:19]cmd = [upload]guid = [8F659685_8EFA_F71D_775D_EF5E2AAD9537]EntryID = [482]hostname = [odie_PC]domain_name = [OPENFIND]upload success[9.00]
[2014-11-14 11:41:58]cmd = [upload]guid = [8F659685_8EFA_F71D_775D_EF5E2AAD9537]EntryID = [483]hostname = [odie_PC]domain_name = [OPENFIND]upload success[9.00]
[2014-11-17 14:38:45]cmd = [upload]guid = [509E28B7_888D_F6EC_DEB2_0D39F639ADB8]EntryID = [484]hostname = [odie_PC]domain_name = [OPENFIND]upload success[9.00]
[2014-11-17 14:52:10]cmd = [upload]guid = [509E28B7_888D_F6EC_DEB2_0D39F639ADB8]EntryID = [485]hostname = [odie_PC]domain_name = [OPENFIND]upload success[9.00]
[2014-11-17 14:54:19]cmd = [upload]guid = [509E28B7_888D_F6EC_DEB2_0D39F639ADB8]EntryID = [486]hostname = [odie_PC]domain_name = [OPENFIND]upload success[9.00]
[2014-11-17 14:59:08]cmd = [upload]guid = [509E28B7_888D_F6EC_DEB2_0D39F639ADB8]EntryID = [487]hostname = [odie_PC]domain_name = [OPENFIND]upload success[9.00]
[2014-11-17 16:55:14]cmd = [upload]guid = [509E28B7_888D_F6EC_DEB2_0D39F639ADB8]EntryID = [488]hostname = [odie_PC]domain_name = [OPENFIND]upload success[9.00]
[2014-11-18 11:39:02]cmd = [upload]guid = [8f44a8ab_5c6c_6232_cd4f_642761007428]EntryID = [489]hostname = [odie_PC]domain_name = [OPENFIND]upload success[9.00]
[2014-11-18 11:45:42]cmd = [upload]guid = [8f44a8ab_5c6c_6232_cd4f_642761007428]EntryID = [490]hostname = [odie_PC]domain_name = [OPENFIND]upload success[9.00]
[2014-12-22 16:33:00]cmd = [upload]guid = [8f44a8ab_5c6c_6232_cd4f_642761007428]EntryID = [491]hostname = [Phantom_PC]domain_name = [WORKGROUP]upload success[9.00]
[2014-12-22 18:05:34]cmd = [upload]guid = [8f44a8ab_5c6c_6232_cd4f_642761007428]EntryID = [492]hostname = [odie_PC]domain_name = [OPENFIND]upload success[9.00]
[2015-02-05 17:58:19]cmd = [upload]guid = [8f44a8ab_5c6c_6232_cd4f_642761007428]EntryID = [493]hostname = [odie_PC]domain_name = [OPENFIND]upload success[9.00]
[2015-02-05 18:03:14]cmd = [upload]guid = [8f44a8ab_5c6c_6232_cd4f_642761007428]EntryID = [494]hostname = [odie_PC]domain_name = [OPENFIND]upload success[9.00]
[2015-02-06 09:57:37]cmd = [upload]guid = [8f44a8ab_5c6c_6232_cd4f_642761007428]EntryID = [495]hostname = [odie_PC]domain_name = [OPENFIND]upload success[9.00]
[2015-02-06 10:03:41]cmd = [upload]guid = [8f44a8ab_5c6c_6232_cd4f_642761007428]EntryID = [496]hostname = [odie_PC]domain_name = [OPENFIND]upload success[9.00]
[2015-02-09 17:17:08]cmd = [upload]guid = [8f44a8ab_5c6c_6232_cd4f_642761007428]EntryID = [498]hostname = [odie_PC]domain_name = [OPENFIND]upload success[9.00]
